{"/Users/nickschrock/git/codettea-web-foundations/packages/web/src/App.tsx": {"path":"/Users/nickschrock/git/codettea-web-foundations/packages/web/src/App.tsx","statementMap":{"0":{"start":{"line":1,"column":0},"end":{"line":1,"column":84}},"1":{"start":{"line":2,"column":0},"end":{"line":2,"column":46}},"2":{"start":{"line":3,"column":0},"end":{"line":3,"column":44}},"3":{"start":{"line":4,"column":0},"end":{"line":4,"column":44}},"4":{"start":{"line":5,"column":0},"end":{"line":5,"column":44}},"5":{"start":{"line":6,"column":0},"end":{"line":6,"column":45}},"6":{"start":{"line":7,"column":0},"end":{"line":7,"column":19}},"7":{"start":{"line":10,"column":2},"end":{"line":23,"column":4}},"8":{"start":{"line":26,"column":0},"end":{"line":26,"column":19}}},"fnMap":{"0":{"name":"App","decl":{"start":{"line":9,"column":9},"end":{"line":9,"column":12}},"loc":{"start":{"line":9,"column":12},"end":{"line":24,"column":1}}}},"branchMap":{},"s":{"0":0,"1":0,"2":0,"3":0,"4":0,"5":0,"6":0,"7":0,"8":0},"f":{"0":0},"b":{}}
,"/Users/nickschrock/git/codettea-web-foundations/packages/web/src/components/ClaudeStatus/ClaudeStatus.tsx": {"path":"/Users/nickschrock/git/codettea-web-foundations/packages/web/src/components/ClaudeStatus/ClaudeStatus.tsx","statementMap":{"0":{"start":{"line":1,"column":0},"end":{"line":1,"column":26}},"1":{"start":{"line":2,"column":0},"end":{"line":2,"column":null}},"2":{"start":{"line":13,"column":0},"end":{"line":13,"column":61}},"3":{"start":{"line":23,"column":13},"end":{"line":108,"column":3}},"4":{"start":{"line":29,"column":25},"end":{"line":34,"column":3}},"5":{"start":{"line":30,"column":4},"end":{"line":30,"column":34}},"6":{"start":{"line":30,"column":17},"end":{"line":30,"column":34}},"7":{"start":{"line":31,"column":4},"end":{"line":31,"column":30}},"8":{"start":{"line":31,"column":15},"end":{"line":31,"column":30}},"9":{"start":{"line":32,"column":4},"end":{"line":32,"column":34}},"10":{"start":{"line":32,"column":17},"end":{"line":32,"column":34}},"11":{"start":{"line":33,"column":4},"end":{"line":33,"column":50}},"12":{"start":{"line":36,"column":24},"end":{"line":41,"column":3}},"13":{"start":{"line":37,"column":4},"end":{"line":37,"column":38}},"14":{"start":{"line":37,"column":17},"end":{"line":37,"column":38}},"15":{"start":{"line":38,"column":4},"end":{"line":38,"column":30}},"16":{"start":{"line":38,"column":15},"end":{"line":38,"column":30}},"17":{"start":{"line":39,"column":4},"end":{"line":39,"column":34}},"18":{"start":{"line":39,"column":17},"end":{"line":39,"column":34}},"19":{"start":{"line":40,"column":4},"end":{"line":40,"column":59}},"20":{"start":{"line":43,"column":2},"end":{"line":107,"column":4}}},"fnMap":{"0":{"name":"(anonymous_1)","decl":{"start":{"line":23,"column":58},"end":{"line":23,"column":59}},"loc":{"start":{"line":28,"column":5},"end":{"line":108,"column":1}}},"1":{"name":"(anonymous_2)","decl":{"start":{"line":29,"column":25},"end":{"line":29,"column":28}},"loc":{"start":{"line":29,"column":30},"end":{"line":34,"column":3}}},"2":{"name":"(anonymous_3)","decl":{"start":{"line":36,"column":24},"end":{"line":36,"column":27}},"loc":{"start":{"line":36,"column":29},"end":{"line":41,"column":3}}}},"branchMap":{"0":{"loc":{"start":{"line":30,"column":4},"end":{"line":30,"column":34}},"type":"if","locations":[{"start":{"line":30,"column":4},"end":{"line":30,"column":34}}]},"1":{"loc":{"start":{"line":31,"column":4},"end":{"line":31,"column":30}},"type":"if","locations":[{"start":{"line":31,"column":4},"end":{"line":31,"column":30}}]},"2":{"loc":{"start":{"line":32,"column":4},"end":{"line":32,"column":34}},"type":"if","locations":[{"start":{"line":32,"column":4},"end":{"line":32,"column":34}}]},"3":{"loc":{"start":{"line":33,"column":11},"end":{"line":33,"column":49}},"type":"cond-expr","locations":[{"start":{"line":33,"column":30},"end":{"line":33,"column":39}},{"start":{"line":33,"column":42},"end":{"line":33,"column":49}}]},"4":{"loc":{"start":{"line":37,"column":4},"end":{"line":37,"column":38}},"type":"if","locations":[{"start":{"line":37,"column":4},"end":{"line":37,"column":38}}]},"5":{"loc":{"start":{"line":38,"column":4},"end":{"line":38,"column":30}},"type":"if","locations":[{"start":{"line":38,"column":4},"end":{"line":38,"column":30}}]},"6":{"loc":{"start":{"line":39,"column":4},"end":{"line":39,"column":34}},"type":"if","locations":[{"start":{"line":39,"column":4},"end":{"line":39,"column":34}}]},"7":{"loc":{"start":{"line":40,"column":11},"end":{"line":40,"column":58}},"type":"cond-expr","locations":[{"start":{"line":40,"column":30},"end":{"line":40,"column":41}},{"start":{"line":40,"column":44},"end":{"line":40,"column":58}}]},"8":{"loc":{"start":{"line":47,"column":9},"end":{"line":55,"column":null}},"type":"binary-expr","locations":[{"start":{"line":47,"column":9},"end":{"line":47,"column":18}},{"start":{"line":48,"column":10},"end":{"line":54,"column":null}}]},"9":{"loc":{"start":{"line":64,"column":21},"end":{"line":64,"column":52}},"type":"cond-expr","locations":[{"start":{"line":64,"column":31},"end":{"line":64,"column":41}},{"start":{"line":64,"column":44},"end":{"line":64,"column":52}}]},"10":{"loc":{"start":{"line":65,"column":18},"end":{"line":65,"column":70}},"type":"cond-expr","locations":[{"start":{"line":65,"column":28},"end":{"line":65,"column":58}},{"start":{"line":65,"column":61},"end":{"line":65,"column":70}}]},"11":{"loc":{"start":{"line":69,"column":9},"end":{"line":70,"column":null}},"type":"binary-expr","locations":[{"start":{"line":69,"column":9},"end":{"line":69,"column":14}},{"start":{"line":70,"column":10},"end":{"line":70,"column":49}}]},"12":{"loc":{"start":{"line":73,"column":9},"end":{"line":103,"column":null}},"type":"binary-expr","locations":[{"start":{"line":73,"column":9},"end":{"line":73,"column":15}},{"start":{"line":73,"column":19},"end":{"line":73,"column":35}},{"start":{"line":73,"column":39},"end":{"line":73,"column":58}},{"start":{"line":74,"column":10},"end":{"line":102,"column":null}}]}},"s":{"0":1,"1":1,"2":1,"3":1,"4":8,"5":8,"6":2,"7":6,"8":1,"9":5,"10":1,"11":4,"12":8,"13":8,"14":2,"15":6,"16":1,"17":5,"18":1,"19":4,"20":8},"f":{"0":8,"1":8,"2":8},"b":{"0":[2],"1":[1],"2":[1],"3":[3,1],"4":[2],"5":[1],"6":[1],"7":[3,1],"8":[8,2],"9":[2,6],"10":[2,6],"11":[8,1],"12":[8,4,3,3]}}
,"/Users/nickschrock/git/codettea-web-foundations/packages/web/src/components/ClaudeStatus/index.ts": {"path":"/Users/nickschrock/git/codettea-web-foundations/packages/web/src/components/ClaudeStatus/index.ts","statementMap":{"0":{"start":{"line":1,"column":0},"end":{"line":1,"column":9}},"1":{"start":{"line":1,"column":9},"end":{"line":1,"column":46}}},"fnMap":{"0":{"name":"(anonymous_0)","decl":{"start":{"line":1,"column":9},"end":{"line":1,"column":21}},"loc":{"start":{"line":1,"column":9},"end":{"line":1,"column":46}}}},"branchMap":{},"s":{"0":0,"1":0},"f":{"0":0},"b":{}}
,"/Users/nickschrock/git/codettea-web-foundations/packages/web/src/components/FeatureList/FeatureList.tsx": {"path":"/Users/nickschrock/git/codettea-web-foundations/packages/web/src/components/FeatureList/FeatureList.tsx","statementMap":{"0":{"start":{"line":1,"column":0},"end":{"line":1,"column":26}},"1":{"start":{"line":2,"column":0},"end":{"line":2,"column":null}},"2":{"start":{"line":14,"column":0},"end":{"line":14,"column":77}},"3":{"start":{"line":26,"column":13},"end":{"line":164,"column":3}},"4":{"start":{"line":34,"column":25},"end":{"line":47,"column":3}},"5":{"start":{"line":35,"column":4},"end":{"line":46,"column":5}},"6":{"start":{"line":37,"column":8},"end":{"line":37,"column":22}},"7":{"start":{"line":39,"column":8},"end":{"line":39,"column":25}},"8":{"start":{"line":41,"column":8},"end":{"line":41,"column":25}},"9":{"start":{"line":43,"column":8},"end":{"line":43,"column":25}},"10":{"start":{"line":45,"column":8},"end":{"line":45,"column":25}},"11":{"start":{"line":49,"column":21},"end":{"line":56,"column":3}},"12":{"start":{"line":50,"column":17},"end":{"line":50,"column":37}},"13":{"start":{"line":51,"column":4},"end":{"line":55,"column":7}},"14":{"start":{"line":58,"column":2},"end":{"line":69,"column":3}},"15":{"start":{"line":59,"column":4},"end":{"line":68,"column":6}},"16":{"start":{"line":71,"column":2},"end":{"line":80,"column":3}},"17":{"start":{"line":72,"column":4},"end":{"line":79,"column":6}},"18":{"start":{"line":82,"column":2},"end":{"line":163,"column":4}},"19":{"start":{"line":123,"column":12},"end":{"line":124,"column":null}},"20":{"start":{"line":133,"column":29},"end":{"line":133,"column":60}}},"fnMap":{"0":{"name":"(anonymous_1)","decl":{"start":{"line":26,"column":56},"end":{"line":26,"column":57}},"loc":{"start":{"line":33,"column":5},"end":{"line":164,"column":1}}},"1":{"name":"(anonymous_2)","decl":{"start":{"line":34,"column":25},"end":{"line":34,"column":26}},"loc":{"start":{"line":34,"column":55},"end":{"line":47,"column":3}}},"2":{"name":"(anonymous_3)","decl":{"start":{"line":49,"column":21},"end":{"line":49,"column":22}},"loc":{"start":{"line":49,"column":44},"end":{"line":56,"column":3}}},"3":{"name":"(anonymous_4)","decl":{"start":{"line":122,"column":24},"end":{"line":122,"column":25}},"loc":{"start":{"line":123,"column":12},"end":{"line":124,"column":null}}},"4":{"name":"(anonymous_5)","decl":{"start":{"line":133,"column":23},"end":{"line":133,"column":26}},"loc":{"start":{"line":133,"column":29},"end":{"line":133,"column":60}}}},"branchMap":{"0":{"loc":{"start":{"line":35,"column":4},"end":{"line":46,"column":5}},"type":"switch","locations":[{"start":{"line":36,"column":6},"end":{"line":37,"column":22}},{"start":{"line":38,"column":6},"end":{"line":39,"column":25}},{"start":{"line":40,"column":6},"end":{"line":41,"column":25}},{"start":{"line":42,"column":6},"end":{"line":43,"column":25}},{"start":{"line":44,"column":6},"end":{"line":45,"column":25}}]},"1":{"loc":{"start":{"line":58,"column":2},"end":{"line":69,"column":3}},"type":"if","locations":[{"start":{"line":58,"column":2},"end":{"line":69,"column":3}}]},"2":{"loc":{"start":{"line":71,"column":2},"end":{"line":80,"column":3}},"type":"if","locations":[{"start":{"line":71,"column":2},"end":{"line":80,"column":3}}]},"3":{"loc":{"start":{"line":86,"column":9},"end":{"line":95,"column":null}},"type":"binary-expr","locations":[{"start":{"line":86,"column":9},"end":{"line":86,"column":24}},{"start":{"line":87,"column":10},"end":{"line":92,"column":null}}]},"4":{"loc":{"start":{"line":99,"column":7},"end":{"line":160,"column":null}},"type":"cond-expr","locations":[{"start":{"line":100,"column":8},"end":{"line":118,"column":null}},{"start":{"line":121,"column":8},"end":{"line":159,"column":null}}]},"5":{"loc":{"start":{"line":106,"column":15},"end":{"line":115,"column":null}},"type":"binary-expr","locations":[{"start":{"line":106,"column":15},"end":{"line":106,"column":30}},{"start":{"line":107,"column":16},"end":{"line":112,"column":null}}]},"6":{"loc":{"start":{"line":126,"column":24},"end":{"line":126,"column":63}},"type":"cond-expr","locations":[{"start":{"line":126,"column":42},"end":{"line":126,"column":51}},{"start":{"line":126,"column":54},"end":{"line":126,"column":63}}]},"7":{"loc":{"start":{"line":127,"column":28},"end":{"line":127,"column":68}},"type":"cond-expr","locations":[{"start":{"line":127,"column":63},"end":{"line":127,"column":64}},{"start":{"line":127,"column":67},"end":{"line":127,"column":68}}]},"8":{"loc":{"start":{"line":129,"column":27},"end":{"line":131,"column":22}},"type":"cond-expr","locations":[{"start":{"line":129,"column":45},"end":{"line":131,"column":18}},{"start":{"line":131,"column":20},"end":{"line":131,"column":22}}]}},"s":{"0":1,"1":1,"2":1,"3":1,"4":10,"5":12,"6":0,"7":6,"8":6,"9":0,"10":0,"11":10,"12":12,"13":12,"14":10,"15":1,"16":9,"17":1,"18":8,"19":12,"20":1},"f":{"0":10,"1":12,"2":12,"3":12,"4":1},"b":{"0":[0,6,6,0,0],"1":[1],"2":[1],"3":[8,2],"4":[2,6],"5":[2,1],"6":[4,8],"7":[1,11],"8":[4,8]}}
,"/Users/nickschrock/git/codettea-web-foundations/packages/web/src/components/FeatureList/index.ts": {"path":"/Users/nickschrock/git/codettea-web-foundations/packages/web/src/components/FeatureList/index.ts","statementMap":{"0":{"start":{"line":1,"column":0},"end":{"line":1,"column":9}},"1":{"start":{"line":1,"column":9},"end":{"line":1,"column":44}}},"fnMap":{"0":{"name":"(anonymous_0)","decl":{"start":{"line":1,"column":9},"end":{"line":1,"column":20}},"loc":{"start":{"line":1,"column":9},"end":{"line":1,"column":44}}}},"branchMap":{},"s":{"0":0,"1":0},"f":{"0":0},"b":{}}
,"/Users/nickschrock/git/codettea-web-foundations/packages/web/src/components/IssueProgress/IssueProgress.tsx": {"path":"/Users/nickschrock/git/codettea-web-foundations/packages/web/src/components/IssueProgress/IssueProgress.tsx","statementMap":{"0":{"start":{"line":1,"column":0},"end":{"line":1,"column":26}},"1":{"start":{"line":3,"column":0},"end":{"line":3,"column":48}},"2":{"start":{"line":4,"column":0},"end":{"line":4,"column":24}},"3":{"start":{"line":14,"column":59},"end":{"line":179,"column":1}},"4":{"start":{"line":21,"column":27},"end":{"line":29,"column":3}},"5":{"start":{"line":22,"column":18},"end":{"line":22,"column":31}},"6":{"start":{"line":23,"column":22},"end":{"line":23,"column":72}},"7":{"start":{"line":23,"column":43},"end":{"line":23,"column":64}},"8":{"start":{"line":24,"column":23},"end":{"line":24,"column":78}},"9":{"start":{"line":24,"column":44},"end":{"line":24,"column":70}},"10":{"start":{"line":25,"column":17},"end":{"line":25,"column":65}},"11":{"start":{"line":25,"column":38},"end":{"line":25,"column":57}},"12":{"start":{"line":26,"column":23},"end":{"line":26,"column":76}},"13":{"start":{"line":28,"column":4},"end":{"line":28,"column":62}},"14":{"start":{"line":31,"column":24},"end":{"line":42,"column":3}},"15":{"start":{"line":32,"column":4},"end":{"line":41,"column":5}},"16":{"start":{"line":34,"column":8},"end":{"line":34,"column":19}},"17":{"start":{"line":36,"column":8},"end":{"line":36,"column":20}},"18":{"start":{"line":38,"column":8},"end":{"line":38,"column":19}},"19":{"start":{"line":40,"column":8},"end":{"line":40,"column":19}},"20":{"start":{"line":44,"column":25},"end":{"line":55,"column":3}},"21":{"start":{"line":45,"column":4},"end":{"line":54,"column":5}},"22":{"start":{"line":47,"column":8},"end":{"line":47,"column":29}},"23":{"start":{"line":49,"column":8},"end":{"line":49,"column":33}},"24":{"start":{"line":51,"column":8},"end":{"line":51,"column":27}},"25":{"start":{"line":53,"column":8},"end":{"line":53,"column":18}},"26":{"start":{"line":57,"column":2},"end":{"line":68,"column":3}},"27":{"start":{"line":58,"column":4},"end":{"line":67,"column":6}},"28":{"start":{"line":70,"column":2},"end":{"line":83,"column":3}},"29":{"start":{"line":71,"column":4},"end":{"line":82,"column":6}},"30":{"start":{"line":85,"column":16},"end":{"line":85,"column":34}},"31":{"start":{"line":87,"column":2},"end":{"line":178,"column":4}},"32":{"start":{"line":136,"column":14},"end":{"line":137,"column":null}},"33":{"start":{"line":139,"column":31},"end":{"line":139,"column":59}},"34":{"start":{"line":143,"column":18},"end":{"line":146,"column":19}},"35":{"start":{"line":144,"column":20},"end":{"line":144,"column":39}},"36":{"start":{"line":145,"column":20},"end":{"line":145,"column":49}},"37":{"start":{"line":161,"column":22},"end":{"line":161,"column":40}},"38":{"start":{"line":14,"column":13},"end":{"line":14,"column":59}}},"fnMap":{"0":{"name":"(anonymous_1)","decl":{"start":{"line":14,"column":59},"end":{"line":14,"column":60}},"loc":{"start":{"line":20,"column":5},"end":{"line":179,"column":1}}},"1":{"name":"(anonymous_2)","decl":{"start":{"line":21,"column":27},"end":{"line":21,"column":30}},"loc":{"start":{"line":21,"column":32},"end":{"line":29,"column":3}}},"2":{"name":"(anonymous_3)","decl":{"start":{"line":23,"column":36},"end":{"line":23,"column":37}},"loc":{"start":{"line":23,"column":43},"end":{"line":23,"column":64}}},"3":{"name":"(anonymous_4)","decl":{"start":{"line":24,"column":37},"end":{"line":24,"column":38}},"loc":{"start":{"line":24,"column":44},"end":{"line":24,"column":70}}},"4":{"name":"(anonymous_5)","decl":{"start":{"line":25,"column":31},"end":{"line":25,"column":32}},"loc":{"start":{"line":25,"column":38},"end":{"line":25,"column":57}}},"5":{"name":"(anonymous_6)","decl":{"start":{"line":31,"column":24},"end":{"line":31,"column":25}},"loc":{"start":{"line":31,"column":52},"end":{"line":42,"column":3}}},"6":{"name":"(anonymous_7)","decl":{"start":{"line":44,"column":25},"end":{"line":44,"column":26}},"loc":{"start":{"line":44,"column":53},"end":{"line":55,"column":3}}},"7":{"name":"(anonymous_8)","decl":{"start":{"line":135,"column":24},"end":{"line":135,"column":25}},"loc":{"start":{"line":136,"column":14},"end":{"line":137,"column":null}}},"8":{"name":"(anonymous_9)","decl":{"start":{"line":139,"column":25},"end":{"line":139,"column":28}},"loc":{"start":{"line":139,"column":31},"end":{"line":139,"column":59}}},"9":{"name":"(anonymous_10)","decl":{"start":{"line":142,"column":27},"end":{"line":142,"column":28}},"loc":{"start":{"line":142,"column":33},"end":{"line":147,"column":17}}},"10":{"name":"(anonymous_11)","decl":{"start":{"line":160,"column":38},"end":{"line":160,"column":39}},"loc":{"start":{"line":161,"column":22},"end":{"line":161,"column":40}}}},"branchMap":{"0":{"loc":{"start":{"line":26,"column":23},"end":{"line":26,"column":76}},"type":"cond-expr","locations":[{"start":{"line":26,"column":35},"end":{"line":26,"column":72}},{"start":{"line":26,"column":75},"end":{"line":26,"column":76}}]},"1":{"loc":{"start":{"line":32,"column":4},"end":{"line":41,"column":5}},"type":"switch","locations":[{"start":{"line":33,"column":6},"end":{"line":34,"column":19}},{"start":{"line":35,"column":6},"end":{"line":36,"column":20}},{"start":{"line":37,"column":6},"end":{"line":38,"column":19}},{"start":{"line":39,"column":6},"end":{"line":40,"column":19}}]},"2":{"loc":{"start":{"line":45,"column":4},"end":{"line":54,"column":5}},"type":"switch","locations":[{"start":{"line":46,"column":6},"end":{"line":47,"column":29}},{"start":{"line":48,"column":6},"end":{"line":49,"column":33}},{"start":{"line":50,"column":6},"end":{"line":51,"column":27}},{"start":{"line":52,"column":6},"end":{"line":53,"column":18}}]},"3":{"loc":{"start":{"line":57,"column":2},"end":{"line":68,"column":3}},"type":"if","locations":[{"start":{"line":57,"column":2},"end":{"line":68,"column":3}}]},"4":{"loc":{"start":{"line":62,"column":13},"end":{"line":62,"column":63}},"type":"cond-expr","locations":[{"start":{"line":62,"column":27},"end":{"line":62,"column":52}},{"start":{"line":62,"column":55},"end":{"line":62,"column":63}}]},"5":{"loc":{"start":{"line":70,"column":2},"end":{"line":83,"column":3}},"type":"if","locations":[{"start":{"line":70,"column":2},"end":{"line":83,"column":3}}]},"6":{"loc":{"start":{"line":75,"column":13},"end":{"line":75,"column":63}},"type":"cond-expr","locations":[{"start":{"line":75,"column":27},"end":{"line":75,"column":52}},{"start":{"line":75,"column":55},"end":{"line":75,"column":63}}]},"7":{"loc":{"start":{"line":91,"column":11},"end":{"line":91,"column":61}},"type":"cond-expr","locations":[{"start":{"line":91,"column":25},"end":{"line":91,"column":50}},{"start":{"line":91,"column":53},"end":{"line":91,"column":61}}]},"8":{"loc":{"start":{"line":95,"column":7},"end":{"line":175,"column":null}},"type":"cond-expr","locations":[{"start":{"line":96,"column":8},"end":{"line":97,"column":null}},{"start":{"line":100,"column":8},"end":{"line":174,"column":null}}]},"9":{"loc":{"start":{"line":143,"column":18},"end":{"line":146,"column":19}},"type":"if","locations":[{"start":{"line":143,"column":18},"end":{"line":146,"column":19}}]},"10":{"loc":{"start":{"line":143,"column":22},"end":{"line":143,"column":56}},"type":"binary-expr","locations":[{"start":{"line":143,"column":22},"end":{"line":143,"column":39}},{"start":{"line":143,"column":43},"end":{"line":143,"column":56}}]},"11":{"loc":{"start":{"line":158,"column":17},"end":{"line":165,"column":null}},"type":"binary-expr","locations":[{"start":{"line":158,"column":17},"end":{"line":158,"column":40}},{"start":{"line":159,"column":18},"end":{"line":164,"column":null}}]},"12":{"loc":{"start":{"line":167,"column":17},"end":{"line":170,"column":null}},"type":"binary-expr","locations":[{"start":{"line":167,"column":17},"end":{"line":167,"column":31}},{"start":{"line":168,"column":18},"end":{"line":169,"column":null}}]}},"s":{"0":0,"1":0,"2":0,"3":0,"4":0,"5":0,"6":0,"7":0,"8":0,"9":0,"10":0,"11":0,"12":0,"13":0,"14":0,"15":0,"16":0,"17":0,"18":0,"19":0,"20":0,"21":0,"22":0,"23":0,"24":0,"25":0,"26":0,"27":0,"28":0,"29":0,"30":0,"31":0,"32":0,"33":0,"34":0,"35":0,"36":0,"37":0,"38":0},"f":{"0":0,"1":0,"2":0,"3":0,"4":0,"5":0,"6":0,"7":0,"8":0,"9":0,"10":0},"b":{"0":[0,0],"1":[0,0,0,0],"2":[0,0,0,0],"3":[0],"4":[0,0],"5":[0],"6":[0,0],"7":[0,0],"8":[0,0],"9":[0],"10":[0,0],"11":[0,0],"12":[0,0]}}
,"/Users/nickschrock/git/codettea-web-foundations/packages/web/src/components/IssueProgress/index.ts": {"path":"/Users/nickschrock/git/codettea-web-foundations/packages/web/src/components/IssueProgress/index.ts","statementMap":{"0":{"start":{"line":1,"column":0},"end":{"line":1,"column":9}},"1":{"start":{"line":1,"column":9},"end":{"line":1,"column":48}}},"fnMap":{"0":{"name":"(anonymous_0)","decl":{"start":{"line":1,"column":9},"end":{"line":1,"column":22}},"loc":{"start":{"line":1,"column":9},"end":{"line":1,"column":48}}}},"branchMap":{},"s":{"0":0,"1":0},"f":{"0":0},"b":{}}
,"/Users/nickschrock/git/codettea-web-foundations/packages/web/src/components/Layout/Layout.tsx": {"path":"/Users/nickschrock/git/codettea-web-foundations/packages/web/src/components/Layout/Layout.tsx","statementMap":{"0":{"start":{"line":1,"column":0},"end":{"line":1,"column":26}},"1":{"start":{"line":2,"column":0},"end":{"line":2,"column":43}},"2":{"start":{"line":3,"column":0},"end":{"line":3,"column":41}},"3":{"start":{"line":4,"column":0},"end":{"line":4,"column":24}},"4":{"start":{"line":10,"column":45},"end":{"line":74,"column":1}},"5":{"start":{"line":11,"column":2},"end":{"line":73,"column":4}},"6":{"start":{"line":27,"column":18},"end":{"line":27,"column":65}},"7":{"start":{"line":38,"column":18},"end":{"line":38,"column":65}},"8":{"start":{"line":49,"column":18},"end":{"line":49,"column":65}},"9":{"start":{"line":60,"column":18},"end":{"line":60,"column":65}},"10":{"start":{"line":10,"column":13},"end":{"line":10,"column":45}}},"fnMap":{"0":{"name":"(anonymous_1)","decl":{"start":{"line":10,"column":45},"end":{"line":10,"column":46}},"loc":{"start":{"line":10,"column":62},"end":{"line":74,"column":1}}},"1":{"name":"(anonymous_2)","decl":{"start":{"line":26,"column":27},"end":{"line":26,"column":28}},"loc":{"start":{"line":27,"column":18},"end":{"line":27,"column":65}}},"2":{"name":"(anonymous_3)","decl":{"start":{"line":37,"column":27},"end":{"line":37,"column":28}},"loc":{"start":{"line":38,"column":18},"end":{"line":38,"column":65}}},"3":{"name":"(anonymous_4)","decl":{"start":{"line":48,"column":27},"end":{"line":48,"column":28}},"loc":{"start":{"line":49,"column":18},"end":{"line":49,"column":65}}},"4":{"name":"(anonymous_5)","decl":{"start":{"line":59,"column":27},"end":{"line":59,"column":28}},"loc":{"start":{"line":60,"column":18},"end":{"line":60,"column":65}}}},"branchMap":{"0":{"loc":{"start":{"line":27,"column":39},"end":{"line":27,"column":64}},"type":"binary-expr","locations":[{"start":{"line":27,"column":39},"end":{"line":27,"column":47}},{"start":{"line":27,"column":51},"end":{"line":27,"column":64}}]},"1":{"loc":{"start":{"line":38,"column":39},"end":{"line":38,"column":64}},"type":"binary-expr","locations":[{"start":{"line":38,"column":39},"end":{"line":38,"column":47}},{"start":{"line":38,"column":51},"end":{"line":38,"column":64}}]},"2":{"loc":{"start":{"line":49,"column":39},"end":{"line":49,"column":64}},"type":"binary-expr","locations":[{"start":{"line":49,"column":39},"end":{"line":49,"column":47}},{"start":{"line":49,"column":51},"end":{"line":49,"column":64}}]},"3":{"loc":{"start":{"line":60,"column":39},"end":{"line":60,"column":64}},"type":"binary-expr","locations":[{"start":{"line":60,"column":39},"end":{"line":60,"column":47}},{"start":{"line":60,"column":51},"end":{"line":60,"column":64}}]}},"s":{"0":0,"1":0,"2":0,"3":0,"4":0,"5":0,"6":0,"7":0,"8":0,"9":0,"10":0},"f":{"0":0,"1":0,"2":0,"3":0,"4":0},"b":{"0":[0,0],"1":[0,0],"2":[0,0],"3":[0,0]}}
,"/Users/nickschrock/git/codettea-web-foundations/packages/web/src/components/Layout/index.ts": {"path":"/Users/nickschrock/git/codettea-web-foundations/packages/web/src/components/Layout/index.ts","statementMap":{"0":{"start":{"line":1,"column":0},"end":{"line":1,"column":9}},"1":{"start":{"line":1,"column":9},"end":{"line":1,"column":34}}},"fnMap":{"0":{"name":"(anonymous_0)","decl":{"start":{"line":1,"column":9},"end":{"line":1,"column":15}},"loc":{"start":{"line":1,"column":9},"end":{"line":1,"column":34}}}},"branchMap":{},"s":{"0":0,"1":0},"f":{"0":0},"b":{}}
,"/Users/nickschrock/git/codettea-web-foundations/packages/web/src/components/ProjectSelector/ProjectSelector.tsx": {"path":"/Users/nickschrock/git/codettea-web-foundations/packages/web/src/components/ProjectSelector/ProjectSelector.tsx","statementMap":{"0":{"start":{"line":1,"column":0},"end":{"line":1,"column":26}},"1":{"start":{"line":2,"column":0},"end":{"line":2,"column":null}},"2":{"start":{"line":17,"column":0},"end":{"line":17,"column":81}},"3":{"start":{"line":29,"column":13},"end":{"line":168,"column":3}},"4":{"start":{"line":37,"column":24},"end":{"line":37,"column":56}},"5":{"start":{"line":37,"column":45},"end":{"line":37,"column":55}},"6":{"start":{"line":39,"column":2},"end":{"line":50,"column":3}},"7":{"start":{"line":40,"column":4},"end":{"line":49,"column":6}},"8":{"start":{"line":52,"column":2},"end":{"line":61,"column":3}},"9":{"start":{"line":53,"column":4},"end":{"line":60,"column":6}},"10":{"start":{"line":63,"column":2},"end":{"line":167,"column":4}},"11":{"start":{"line":130,"column":16},"end":{"line":131,"column":null}},"12":{"start":{"line":141,"column":35},"end":{"line":141,"column":66}}},"fnMap":{"0":{"name":"(anonymous_1)","decl":{"start":{"line":29,"column":64},"end":{"line":29,"column":65}},"loc":{"start":{"line":36,"column":5},"end":{"line":168,"column":1}}},"1":{"name":"(anonymous_2)","decl":{"start":{"line":37,"column":38},"end":{"line":37,"column":39}},"loc":{"start":{"line":37,"column":45},"end":{"line":37,"column":55}}},"2":{"name":"(anonymous_3)","decl":{"start":{"line":129,"column":28},"end":{"line":129,"column":29}},"loc":{"start":{"line":130,"column":16},"end":{"line":131,"column":null}}},"3":{"name":"(anonymous_4)","decl":{"start":{"line":141,"column":29},"end":{"line":141,"column":32}},"loc":{"start":{"line":141,"column":35},"end":{"line":141,"column":66}}}},"branchMap":{"0":{"loc":{"start":{"line":39,"column":2},"end":{"line":50,"column":3}},"type":"if","locations":[{"start":{"line":39,"column":2},"end":{"line":50,"column":3}}]},"1":{"loc":{"start":{"line":52,"column":2},"end":{"line":61,"column":3}},"type":"if","locations":[{"start":{"line":52,"column":2},"end":{"line":61,"column":3}}]},"2":{"loc":{"start":{"line":67,"column":9},"end":{"line":75,"column":null}},"type":"binary-expr","locations":[{"start":{"line":67,"column":9},"end":{"line":67,"column":23}},{"start":{"line":68,"column":10},"end":{"line":74,"column":null}}]},"3":{"loc":{"start":{"line":79,"column":7},"end":{"line":99,"column":null}},"type":"binary-expr","locations":[{"start":{"line":79,"column":7},"end":{"line":79,"column":20}},{"start":{"line":80,"column":8},"end":{"line":98,"column":null}}]},"4":{"loc":{"start":{"line":89,"column":13},"end":{"line":96,"column":null}},"type":"binary-expr","locations":[{"start":{"line":89,"column":13},"end":{"line":89,"column":40}},{"start":{"line":90,"column":14},"end":{"line":95,"column":null}}]},"5":{"loc":{"start":{"line":102,"column":7},"end":{"line":164,"column":null}},"type":"cond-expr","locations":[{"start":{"line":103,"column":8},"end":{"line":120,"column":null}},{"start":{"line":123,"column":8},"end":{"line":163,"column":null}}]},"6":{"loc":{"start":{"line":109,"column":15},"end":{"line":117,"column":null}},"type":"binary-expr","locations":[{"start":{"line":109,"column":15},"end":{"line":109,"column":29}},{"start":{"line":110,"column":16},"end":{"line":114,"column":null}}]},"7":{"loc":{"start":{"line":134,"column":20},"end":{"line":135,"column":null}},"type":"binary-expr","locations":[{"start":{"line":134,"column":20},"end":{"line":134,"column":36}},{"start":{"line":135,"column":22},"end":{"line":135,"column":74}}]},"8":{"loc":{"start":{"line":140,"column":30},"end":{"line":140,"column":82}},"type":"binary-expr","locations":[{"start":{"line":140,"column":30},"end":{"line":140,"column":62}},{"start":{"line":140,"column":66},"end":{"line":140,"column":82}}]},"9":{"loc":{"start":{"line":151,"column":27},"end":{"line":154,"column":null}},"type":"binary-expr","locations":[{"start":{"line":151,"column":27},"end":{"line":151,"column":48}},{"start":{"line":152,"column":28},"end":{"line":153,"column":null}}]}},"s":{"0":0,"1":0,"2":0,"3":0,"4":0,"5":0,"6":0,"7":0,"8":0,"9":0,"10":0,"11":0,"12":0},"f":{"0":0,"1":0,"2":0,"3":0},"b":{"0":[0],"1":[0],"2":[0,0],"3":[0,0],"4":[0,0],"5":[0,0],"6":[0,0],"7":[0,0],"8":[0,0],"9":[0,0]}}
,"/Users/nickschrock/git/codettea-web-foundations/packages/web/src/components/ProjectSelector/index.ts": {"path":"/Users/nickschrock/git/codettea-web-foundations/packages/web/src/components/ProjectSelector/index.ts","statementMap":{"0":{"start":{"line":1,"column":0},"end":{"line":1,"column":9}},"1":{"start":{"line":1,"column":9},"end":{"line":1,"column":52}}},"fnMap":{"0":{"name":"(anonymous_0)","decl":{"start":{"line":1,"column":9},"end":{"line":1,"column":24}},"loc":{"start":{"line":1,"column":9},"end":{"line":1,"column":52}}}},"branchMap":{},"s":{"0":0,"1":0},"f":{"0":0},"b":{}}
,"/Users/nickschrock/git/codettea-web-foundations/packages/web/src/hooks/useClaudeStatus.ts": {"path":"/Users/nickschrock/git/codettea-web-foundations/packages/web/src/hooks/useClaudeStatus.ts","statementMap":{"0":{"start":{"line":1,"column":0},"end":{"line":1,"column":36}},"1":{"start":{"line":2,"column":0},"end":{"line":2,"column":87}},"2":{"start":{"line":4,"column":31},"end":{"line":23,"column":1}},"3":{"start":{"line":5,"column":63},"end":{"line":5,"column":85}},"4":{"start":{"line":6,"column":23},"end":{"line":6,"column":46}},"5":{"start":{"line":8,"column":18},"end":{"line":10,"column":15}},"6":{"start":{"line":9,"column":4},"end":{"line":9,"column":14}},"7":{"start":{"line":12,"column":25},"end":{"line":14,"column":20}},"8":{"start":{"line":13,"column":4},"end":{"line":13,"column":38}},"9":{"start":{"line":16,"column":2},"end":{"line":22,"column":4}},"10":{"start":{"line":4,"column":13},"end":{"line":4,"column":31}}},"fnMap":{"0":{"name":"(anonymous_0)","decl":{"start":{"line":4,"column":31},"end":{"line":4,"column":34}},"loc":{"start":{"line":4,"column":36},"end":{"line":23,"column":1}}},"1":{"name":"(anonymous_1)","decl":{"start":{"line":8,"column":30},"end":{"line":8,"column":33}},"loc":{"start":{"line":8,"column":35},"end":{"line":10,"column":3}}},"2":{"name":"(anonymous_2)","decl":{"start":{"line":12,"column":37},"end":{"line":12,"column":42}},"loc":{"start":{"line":12,"column":48},"end":{"line":14,"column":3}}}},"branchMap":{"0":{"loc":{"start":{"line":17,"column":12},"end":{"line":17,"column":26}},"type":"binary-expr","locations":[{"start":{"line":17,"column":12},"end":{"line":17,"column":18}},{"start":{"line":17,"column":22},"end":{"line":17,"column":26}}]},"1":{"loc":{"start":{"line":19,"column":11},"end":{"line":19,"column":100}},"type":"cond-expr","locations":[{"start":{"line":19,"column":20},"end":{"line":19,"column":92}},{"start":{"line":19,"column":96},"end":{"line":19,"column":100}}]},"2":{"loc":{"start":{"line":19,"column":20},"end":{"line":19,"column":92}},"type":"cond-expr","locations":[{"start":{"line":19,"column":45},"end":{"line":19,"column":58}},{"start":{"line":19,"column":61},"end":{"line":19,"column":92}}]}},"s":{"0":1,"1":1,"2":1,"3":2,"4":2,"5":2,"6":1,"7":2,"8":0,"9":2,"10":1},"f":{"0":2,"1":1,"2":0},"b":{"0":[2,0],"1":[0,2],"2":[0,0]}}
,"/Users/nickschrock/git/codettea-web-foundations/packages/web/src/hooks/useFeatures.ts": {"path":"/Users/nickschrock/git/codettea-web-foundations/packages/web/src/hooks/useFeatures.ts","statementMap":{"0":{"start":{"line":1,"column":0},"end":{"line":1,"column":36}},"1":{"start":{"line":2,"column":0},"end":{"line":2,"column":null}},"2":{"start":{"line":11,"column":27},"end":{"line":42,"column":1}},"3":{"start":{"line":12,"column":65},"end":{"line":12,"column":83}},"4":{"start":{"line":13,"column":25},"end":{"line":13,"column":51}},"5":{"start":{"line":14,"column":25},"end":{"line":14,"column":51}},"6":{"start":{"line":15,"column":25},"end":{"line":15,"column":51}},"7":{"start":{"line":17,"column":18},"end":{"line":19,"column":15}},"8":{"start":{"line":18,"column":4},"end":{"line":18,"column":14}},"9":{"start":{"line":21,"column":24},"end":{"line":23,"column":22}},"10":{"start":{"line":22,"column":4},"end":{"line":22,"column":44}},"11":{"start":{"line":25,"column":24},"end":{"line":27,"column":22}},"12":{"start":{"line":26,"column":4},"end":{"line":26,"column":54}},"13":{"start":{"line":29,"column":24},"end":{"line":31,"column":22}},"14":{"start":{"line":30,"column":4},"end":{"line":30,"column":44}},"15":{"start":{"line":33,"column":2},"end":{"line":41,"column":4}},"16":{"start":{"line":11,"column":13},"end":{"line":11,"column":27}},"17":{"start":{"line":44,"column":32},"end":{"line":57,"column":1}},"18":{"start":{"line":45,"column":63},"end":{"line":45,"column":97}},"19":{"start":{"line":47,"column":18},"end":{"line":49,"column":15}},"20":{"start":{"line":48,"column":4},"end":{"line":48,"column":14}},"21":{"start":{"line":51,"column":2},"end":{"line":56,"column":4}},"22":{"start":{"line":44,"column":13},"end":{"line":44,"column":32}}},"fnMap":{"0":{"name":"(anonymous_0)","decl":{"start":{"line":11,"column":27},"end":{"line":11,"column":30}},"loc":{"start":{"line":11,"column":32},"end":{"line":42,"column":1}}},"1":{"name":"(anonymous_1)","decl":{"start":{"line":17,"column":30},"end":{"line":17,"column":33}},"loc":{"start":{"line":17,"column":35},"end":{"line":19,"column":3}}},"2":{"name":"(anonymous_2)","decl":{"start":{"line":21,"column":36},"end":{"line":21,"column":41}},"loc":{"start":{"line":21,"column":73},"end":{"line":23,"column":3}}},"3":{"name":"(anonymous_3)","decl":{"start":{"line":25,"column":36},"end":{"line":25,"column":41}},"loc":{"start":{"line":25,"column":87},"end":{"line":27,"column":3}}},"4":{"name":"(anonymous_4)","decl":{"start":{"line":29,"column":36},"end":{"line":29,"column":41}},"loc":{"start":{"line":29,"column":59},"end":{"line":31,"column":3}}},"5":{"name":"(anonymous_5)","decl":{"start":{"line":44,"column":32},"end":{"line":44,"column":33}},"loc":{"start":{"line":44,"column":63},"end":{"line":57,"column":1}}},"6":{"name":"(anonymous_6)","decl":{"start":{"line":47,"column":30},"end":{"line":47,"column":33}},"loc":{"start":{"line":47,"column":35},"end":{"line":49,"column":3}}}},"branchMap":{"0":{"loc":{"start":{"line":34,"column":14},"end":{"line":34,"column":28}},"type":"binary-expr","locations":[{"start":{"line":34,"column":14},"end":{"line":34,"column":22}},{"start":{"line":34,"column":26},"end":{"line":34,"column":28}}]},"1":{"loc":{"start":{"line":36,"column":11},"end":{"line":36,"column":95}},"type":"cond-expr","locations":[{"start":{"line":36,"column":20},"end":{"line":36,"column":87}},{"start":{"line":36,"column":91},"end":{"line":36,"column":95}}]},"2":{"loc":{"start":{"line":36,"column":20},"end":{"line":36,"column":87}},"type":"cond-expr","locations":[{"start":{"line":36,"column":45},"end":{"line":36,"column":58}},{"start":{"line":36,"column":61},"end":{"line":36,"column":87}}]},"3":{"loc":{"start":{"line":52,"column":12},"end":{"line":52,"column":24}},"type":"binary-expr","locations":[{"start":{"line":52,"column":12},"end":{"line":52,"column":18}},{"start":{"line":52,"column":22},"end":{"line":52,"column":24}}]},"4":{"loc":{"start":{"line":54,"column":11},"end":{"line":54,"column":93}},"type":"cond-expr","locations":[{"start":{"line":54,"column":20},"end":{"line":54,"column":85}},{"start":{"line":54,"column":89},"end":{"line":54,"column":93}}]},"5":{"loc":{"start":{"line":54,"column":20},"end":{"line":54,"column":85}},"type":"cond-expr","locations":[{"start":{"line":54,"column":45},"end":{"line":54,"column":58}},{"start":{"line":54,"column":61},"end":{"line":54,"column":85}}]}},"s":{"0":0,"1":0,"2":0,"3":0,"4":0,"5":0,"6":0,"7":0,"8":0,"9":0,"10":0,"11":0,"12":0,"13":0,"14":0,"15":0,"16":0,"17":0,"18":0,"19":0,"20":0,"21":0,"22":0},"f":{"0":0,"1":0,"2":0,"3":0,"4":0,"5":0,"6":0},"b":{"0":[0,0],"1":[0,0],"2":[0,0],"3":[0,0],"4":[0,0],"5":[0,0]}}
,"/Users/nickschrock/git/codettea-web-foundations/packages/web/src/hooks/useProjects.ts": {"path":"/Users/nickschrock/git/codettea-web-foundations/packages/web/src/hooks/useProjects.ts","statementMap":{"0":{"start":{"line":1,"column":0},"end":{"line":1,"column":36}},"1":{"start":{"line":2,"column":0},"end":{"line":2,"column":87}},"2":{"start":{"line":3,"column":0},"end":{"line":3,"column":55}},"3":{"start":{"line":5,"column":27},"end":{"line":38,"column":1}},"4":{"start":{"line":6,"column":65},"end":{"line":6,"column":83}},"5":{"start":{"line":7,"column":23},"end":{"line":7,"column":48}},"6":{"start":{"line":8,"column":22},"end":{"line":8,"column":38}},"7":{"start":{"line":10,"column":18},"end":{"line":12,"column":15}},"8":{"start":{"line":11,"column":4},"end":{"line":11,"column":14}},"9":{"start":{"line":14,"column":23},"end":{"line":16,"column":20}},"10":{"start":{"line":15,"column":4},"end":{"line":15,"column":38}},"11":{"start":{"line":18,"column":27},"end":{"line":28,"column":19}},"12":{"start":{"line":21,"column":4},"end":{"line":26,"column":6}},"13":{"start":{"line":22,"column":6},"end":{"line":25,"column":15}},"14":{"start":{"line":22,"column":28},"end":{"line":25,"column":8}},"15":{"start":{"line":27,"column":4},"end":{"line":27,"column":36}},"16":{"start":{"line":30,"column":2},"end":{"line":37,"column":4}},"17":{"start":{"line":5,"column":13},"end":{"line":5,"column":27}}},"fnMap":{"0":{"name":"(anonymous_0)","decl":{"start":{"line":5,"column":27},"end":{"line":5,"column":30}},"loc":{"start":{"line":5,"column":32},"end":{"line":38,"column":1}}},"1":{"name":"(anonymous_1)","decl":{"start":{"line":10,"column":30},"end":{"line":10,"column":33}},"loc":{"start":{"line":10,"column":35},"end":{"line":12,"column":3}}},"2":{"name":"(anonymous_2)","decl":{"start":{"line":14,"column":35},"end":{"line":14,"column":40}},"loc":{"start":{"line":14,"column":46},"end":{"line":16,"column":3}}},"3":{"name":"(anonymous_3)","decl":{"start":{"line":18,"column":39},"end":{"line":18,"column":44}},"loc":{"start":{"line":18,"column":62},"end":{"line":28,"column":3}}},"4":{"name":"(anonymous_4)","decl":{"start":{"line":21,"column":43},"end":{"line":21,"column":44}},"loc":{"start":{"line":22,"column":6},"end":{"line":25,"column":15}}},"5":{"name":"(anonymous_5)","decl":{"start":{"line":22,"column":15},"end":{"line":22,"column":16}},"loc":{"start":{"line":22,"column":28},"end":{"line":25,"column":8}}}},"branchMap":{"0":{"loc":{"start":{"line":22,"column":6},"end":{"line":25,"column":15}},"type":"binary-expr","locations":[{"start":{"line":22,"column":6},"end":{"line":25,"column":9}},{"start":{"line":25,"column":13},"end":{"line":25,"column":15}}]},"1":{"loc":{"start":{"line":31,"column":14},"end":{"line":31,"column":28}},"type":"binary-expr","locations":[{"start":{"line":31,"column":14},"end":{"line":31,"column":22}},{"start":{"line":31,"column":26},"end":{"line":31,"column":28}}]},"2":{"loc":{"start":{"line":33,"column":11},"end":{"line":33,"column":95}},"type":"cond-expr","locations":[{"start":{"line":33,"column":20},"end":{"line":33,"column":87}},{"start":{"line":33,"column":91},"end":{"line":33,"column":95}}]},"3":{"loc":{"start":{"line":33,"column":20},"end":{"line":33,"column":87}},"type":"cond-expr","locations":[{"start":{"line":33,"column":45},"end":{"line":33,"column":58}},{"start":{"line":33,"column":61},"end":{"line":33,"column":87}}]}},"s":{"0":0,"1":0,"2":0,"3":0,"4":0,"5":0,"6":0,"7":0,"8":0,"9":0,"10":0,"11":0,"12":0,"13":0,"14":0,"15":0,"16":0,"17":0},"f":{"0":0,"1":0,"2":0,"3":0,"4":0,"5":0},"b":{"0":[0,0],"1":[0,0],"2":[0,0],"3":[0,0]}}
,"/Users/nickschrock/git/codettea-web-foundations/packages/web/src/hooks/queries/useClaudeQuery.ts": {"path":"/Users/nickschrock/git/codettea-web-foundations/packages/web/src/hooks/queries/useClaudeQuery.ts","statementMap":{"0":{"start":{"line":1,"column":0},"end":{"line":1,"column":78}},"1":{"start":{"line":2,"column":0},"end":{"line":2,"column":43}},"2":{"start":{"line":5,"column":25},"end":{"line":5,"column":45}},"3":{"start":{"line":7,"column":36},"end":{"line":14,"column":1}},"4":{"start":{"line":8,"column":2},"end":{"line":13,"column":5}},"5":{"start":{"line":7,"column":13},"end":{"line":7,"column":36}},"6":{"start":{"line":16,"column":37},"end":{"line":26,"column":1}},"7":{"start":{"line":17,"column":22},"end":{"line":17,"column":38}},"8":{"start":{"line":19,"column":2},"end":{"line":25,"column":5}},"9":{"start":{"line":23,"column":6},"end":{"line":23,"column":55}},"10":{"start":{"line":16,"column":13},"end":{"line":16,"column":37}}},"fnMap":{"0":{"name":"(anonymous_0)","decl":{"start":{"line":7,"column":36},"end":{"line":7,"column":39}},"loc":{"start":{"line":7,"column":41},"end":{"line":14,"column":1}}},"1":{"name":"(anonymous_1)","decl":{"start":{"line":16,"column":37},"end":{"line":16,"column":40}},"loc":{"start":{"line":16,"column":42},"end":{"line":26,"column":1}}},"2":{"name":"(anonymous_2)","decl":{"start":{"line":21,"column":15},"end":{"line":21,"column":16}},"loc":{"start":{"line":21,"column":24},"end":{"line":24,"column":5}}}},"branchMap":{},"s":{"0":0,"1":0,"2":0,"3":0,"4":0,"5":0,"6":0,"7":0,"8":0,"9":0,"10":0},"f":{"0":0,"1":0,"2":0},"b":{}}
,"/Users/nickschrock/git/codettea-web-foundations/packages/web/src/hooks/queries/useFeaturesQuery.ts": {"path":"/Users/nickschrock/git/codettea-web-foundations/packages/web/src/hooks/queries/useFeaturesQuery.ts","statementMap":{"0":{"start":{"line":1,"column":0},"end":{"line":1,"column":78}},"1":{"start":{"line":2,"column":0},"end":{"line":2,"column":43}},"2":{"start":{"line":5,"column":27},"end":{"line":5,"column":39}},"3":{"start":{"line":6,"column":33},"end":{"line":6,"column":93}},"4":{"start":{"line":6,"column":58},"end":{"line":6,"column":93}},"5":{"start":{"line":8,"column":32},"end":{"line":14,"column":1}},"6":{"start":{"line":9,"column":2},"end":{"line":13,"column":5}},"7":{"start":{"line":8,"column":13},"end":{"line":8,"column":32}},"8":{"start":{"line":16,"column":31},"end":{"line":22,"column":1}},"9":{"start":{"line":17,"column":2},"end":{"line":21,"column":5}},"10":{"start":{"line":19,"column":19},"end":{"line":19,"column":45}},"11":{"start":{"line":16,"column":13},"end":{"line":16,"column":31}},"12":{"start":{"line":24,"column":37},"end":{"line":30,"column":1}},"13":{"start":{"line":25,"column":2},"end":{"line":29,"column":5}},"14":{"start":{"line":27,"column":19},"end":{"line":27,"column":67}},"15":{"start":{"line":24,"column":13},"end":{"line":24,"column":37}},"16":{"start":{"line":32,"column":40},"end":{"line":44,"column":1}},"17":{"start":{"line":33,"column":22},"end":{"line":33,"column":38}},"18":{"start":{"line":35,"column":2},"end":{"line":43,"column":5}},"19":{"start":{"line":36,"column":48},"end":{"line":36,"column":77}},"20":{"start":{"line":39,"column":6},"end":{"line":41,"column":8}},"21":{"start":{"line":40,"column":8},"end":{"line":40,"column":49}},"22":{"start":{"line":32,"column":13},"end":{"line":32,"column":40}},"23":{"start":{"line":46,"column":40},"end":{"line":61,"column":1}},"24":{"start":{"line":47,"column":22},"end":{"line":47,"column":38}},"25":{"start":{"line":49,"column":2},"end":{"line":60,"column":5}},"26":{"start":{"line":51,"column":6},"end":{"line":51,"column":41}},"27":{"start":{"line":54,"column":6},"end":{"line":56,"column":8}},"28":{"start":{"line":55,"column":8},"end":{"line":55,"column":65}},"29":{"start":{"line":55,"column":22},"end":{"line":55,"column":58}},"30":{"start":{"line":58,"column":6},"end":{"line":58,"column":78}},"31":{"start":{"line":46,"column":13},"end":{"line":46,"column":40}},"32":{"start":{"line":63,"column":40},"end":{"line":77,"column":1}},"33":{"start":{"line":64,"column":22},"end":{"line":64,"column":38}},"34":{"start":{"line":66,"column":2},"end":{"line":76,"column":5}},"35":{"start":{"line":67,"column":34},"end":{"line":67,"column":63}},"36":{"start":{"line":70,"column":6},"end":{"line":72,"column":8}},"37":{"start":{"line":71,"column":8},"end":{"line":71,"column":47}},"38":{"start":{"line":71,"column":25},"end":{"line":71,"column":40}},"39":{"start":{"line":74,"column":6},"end":{"line":74,"column":81}},"40":{"start":{"line":63,"column":13},"end":{"line":63,"column":40}}},"fnMap":{"0":{"name":"(anonymous_0)","decl":{"start":{"line":6,"column":33},"end":{"line":6,"column":34}},"loc":{"start":{"line":6,"column":58},"end":{"line":6,"column":93}}},"1":{"name":"(anonymous_1)","decl":{"start":{"line":8,"column":32},"end":{"line":8,"column":35}},"loc":{"start":{"line":8,"column":37},"end":{"line":14,"column":1}}},"2":{"name":"(anonymous_2)","decl":{"start":{"line":16,"column":31},"end":{"line":16,"column":32}},"loc":{"start":{"line":16,"column":48},"end":{"line":22,"column":1}}},"3":{"name":"(anonymous_3)","decl":{"start":{"line":19,"column":13},"end":{"line":19,"column":16}},"loc":{"start":{"line":19,"column":19},"end":{"line":19,"column":45}}},"4":{"name":"(anonymous_4)","decl":{"start":{"line":24,"column":37},"end":{"line":24,"column":38}},"loc":{"start":{"line":24,"column":104},"end":{"line":30,"column":1}}},"5":{"name":"(anonymous_5)","decl":{"start":{"line":27,"column":13},"end":{"line":27,"column":16}},"loc":{"start":{"line":27,"column":19},"end":{"line":27,"column":67}}},"6":{"name":"(anonymous_6)","decl":{"start":{"line":32,"column":40},"end":{"line":32,"column":43}},"loc":{"start":{"line":32,"column":45},"end":{"line":44,"column":1}}},"7":{"name":"(anonymous_7)","decl":{"start":{"line":36,"column":16},"end":{"line":36,"column":17}},"loc":{"start":{"line":36,"column":48},"end":{"line":36,"column":77}}},"8":{"name":"(anonymous_8)","decl":{"start":{"line":37,"column":15},"end":{"line":37,"column":16}},"loc":{"start":{"line":37,"column":30},"end":{"line":42,"column":5}}},"9":{"name":"(anonymous_9)","decl":{"start":{"line":39,"column":62},"end":{"line":39,"column":63}},"loc":{"start":{"line":40,"column":8},"end":{"line":40,"column":49}}},"10":{"name":"(anonymous_10)","decl":{"start":{"line":46,"column":40},"end":{"line":46,"column":43}},"loc":{"start":{"line":46,"column":45},"end":{"line":61,"column":1}}},"11":{"name":"(anonymous_11)","decl":{"start":{"line":50,"column":16},"end":{"line":50,"column":17}},"loc":{"start":{"line":51,"column":6},"end":{"line":51,"column":41}}},"12":{"name":"(anonymous_12)","decl":{"start":{"line":52,"column":15},"end":{"line":52,"column":16}},"loc":{"start":{"line":52,"column":44},"end":{"line":59,"column":5}}},"13":{"name":"(anonymous_13)","decl":{"start":{"line":54,"column":62},"end":{"line":54,"column":63}},"loc":{"start":{"line":55,"column":8},"end":{"line":55,"column":65}}},"14":{"name":"(anonymous_14)","decl":{"start":{"line":55,"column":17},"end":{"line":55,"column":18}},"loc":{"start":{"line":55,"column":22},"end":{"line":55,"column":58}}},"15":{"name":"(anonymous_15)","decl":{"start":{"line":63,"column":40},"end":{"line":63,"column":43}},"loc":{"start":{"line":63,"column":45},"end":{"line":77,"column":1}}},"16":{"name":"(anonymous_16)","decl":{"start":{"line":67,"column":16},"end":{"line":67,"column":17}},"loc":{"start":{"line":67,"column":34},"end":{"line":67,"column":63}}},"17":{"name":"(anonymous_17)","decl":{"start":{"line":68,"column":15},"end":{"line":68,"column":16}},"loc":{"start":{"line":68,"column":27},"end":{"line":75,"column":5}}},"18":{"name":"(anonymous_18)","decl":{"start":{"line":70,"column":62},"end":{"line":70,"column":63}},"loc":{"start":{"line":71,"column":8},"end":{"line":71,"column":47}}},"19":{"name":"(anonymous_19)","decl":{"start":{"line":71,"column":20},"end":{"line":71,"column":21}},"loc":{"start":{"line":71,"column":25},"end":{"line":71,"column":40}}}},"branchMap":{"0":{"loc":{"start":{"line":26,"column":39},"end":{"line":26,"column":56}},"type":"binary-expr","locations":[{"start":{"line":26,"column":39},"end":{"line":26,"column":50}},{"start":{"line":26,"column":54},"end":{"line":26,"column":56}}]},"1":{"loc":{"start":{"line":40,"column":8},"end":{"line":40,"column":49}},"type":"cond-expr","locations":[{"start":{"line":40,"column":14},"end":{"line":40,"column":34}},{"start":{"line":40,"column":37},"end":{"line":40,"column":49}}]},"2":{"loc":{"start":{"line":55,"column":8},"end":{"line":55,"column":65}},"type":"binary-expr","locations":[{"start":{"line":55,"column":8},"end":{"line":55,"column":59}},{"start":{"line":55,"column":63},"end":{"line":55,"column":65}}]},"3":{"loc":{"start":{"line":55,"column":22},"end":{"line":55,"column":58}},"type":"cond-expr","locations":[{"start":{"line":55,"column":40},"end":{"line":55,"column":54}},{"start":{"line":55,"column":57},"end":{"line":55,"column":58}}]},"4":{"loc":{"start":{"line":71,"column":8},"end":{"line":71,"column":47}},"type":"binary-expr","locations":[{"start":{"line":71,"column":8},"end":{"line":71,"column":41}},{"start":{"line":71,"column":45},"end":{"line":71,"column":47}}]}},"s":{"0":0,"1":0,"2":0,"3":0,"4":0,"5":0,"6":0,"7":0,"8":0,"9":0,"10":0,"11":0,"12":0,"13":0,"14":0,"15":0,"16":0,"17":0,"18":0,"19":0,"20":0,"21":0,"22":0,"23":0,"24":0,"25":0,"26":0,"27":0,"28":0,"29":0,"30":0,"31":0,"32":0,"33":0,"34":0,"35":0,"36":0,"37":0,"38":0,"39":0,"40":0},"f":{"0":0,"1":0,"2":0,"3":0,"4":0,"5":0,"6":0,"7":0,"8":0,"9":0,"10":0,"11":0,"12":0,"13":0,"14":0,"15":0,"16":0,"17":0,"18":0,"19":0},"b":{"0":[0,0],"1":[0,0],"2":[0,0],"3":[0,0],"4":[0,0]}}
,"/Users/nickschrock/git/codettea-web-foundations/packages/web/src/hooks/queries/useProjectsQuery.ts": {"path":"/Users/nickschrock/git/codettea-web-foundations/packages/web/src/hooks/queries/useProjectsQuery.ts","statementMap":{"0":{"start":{"line":1,"column":0},"end":{"line":1,"column":78}},"1":{"start":{"line":2,"column":0},"end":{"line":2,"column":43}},"2":{"start":{"line":5,"column":27},"end":{"line":5,"column":39}},"3":{"start":{"line":7,"column":32},"end":{"line":13,"column":1}},"4":{"start":{"line":8,"column":2},"end":{"line":12,"column":5}},"5":{"start":{"line":7,"column":13},"end":{"line":7,"column":32}},"6":{"start":{"line":15,"column":39},"end":{"line":25,"column":1}},"7":{"start":{"line":16,"column":22},"end":{"line":16,"column":38}},"8":{"start":{"line":18,"column":2},"end":{"line":24,"column":5}},"9":{"start":{"line":22,"column":6},"end":{"line":22,"column":61}},"10":{"start":{"line":15,"column":13},"end":{"line":15,"column":39}}},"fnMap":{"0":{"name":"(anonymous_0)","decl":{"start":{"line":7,"column":32},"end":{"line":7,"column":35}},"loc":{"start":{"line":7,"column":37},"end":{"line":13,"column":1}}},"1":{"name":"(anonymous_1)","decl":{"start":{"line":15,"column":39},"end":{"line":15,"column":42}},"loc":{"start":{"line":15,"column":44},"end":{"line":25,"column":1}}},"2":{"name":"(anonymous_2)","decl":{"start":{"line":20,"column":15},"end":{"line":20,"column":16}},"loc":{"start":{"line":20,"column":28},"end":{"line":23,"column":5}}}},"branchMap":{},"s":{"0":0,"1":0,"2":0,"3":0,"4":0,"5":0,"6":0,"7":0,"8":0,"9":0,"10":0},"f":{"0":0,"1":0,"2":0},"b":{}}
,"/Users/nickschrock/git/codettea-web-foundations/packages/web/src/pages/Dashboard/Dashboard.tsx": {"path":"/Users/nickschrock/git/codettea-web-foundations/packages/web/src/pages/Dashboard/Dashboard.tsx","statementMap":{"0":{"start":{"line":1,"column":0},"end":{"line":1,"column":54}},"1":{"start":{"line":2,"column":0},"end":{"line":2,"column":80}},"2":{"start":{"line":3,"column":0},"end":{"line":3,"column":57}},"3":{"start":{"line":4,"column":0},"end":{"line":4,"column":55}},"4":{"start":{"line":5,"column":0},"end":{"line":5,"column":63}},"5":{"start":{"line":6,"column":0},"end":{"line":6,"column":58}},"6":{"start":{"line":7,"column":0},"end":{"line":7,"column":50}},"7":{"start":{"line":8,"column":0},"end":{"line":8,"column":50}},"8":{"start":{"line":10,"column":35},"end":{"line":126,"column":1}},"9":{"start":{"line":11,"column":103},"end":{"line":11,"column":120}},"10":{"start":{"line":12,"column":97},"end":{"line":12,"column":110}},"11":{"start":{"line":13,"column":103},"end":{"line":13,"column":116}},"12":{"start":{"line":15,"column":2},"end":{"line":20,"column":53}},"13":{"start":{"line":17,"column":4},"end":{"line":17,"column":20}},"14":{"start":{"line":18,"column":4},"end":{"line":18,"column":22}},"15":{"start":{"line":19,"column":4},"end":{"line":19,"column":19}},"16":{"start":{"line":22,"column":30},"end":{"line":25,"column":41}},"17":{"start":{"line":23,"column":4},"end":{"line":23,"column":40}},"18":{"start":{"line":24,"column":4},"end":{"line":24,"column":22}},"19":{"start":{"line":27,"column":2},"end":{"line":125,"column":4}},"20":{"start":{"line":92,"column":44},"end":{"line":92,"column":70}},"21":{"start":{"line":102,"column":44},"end":{"line":102,"column":68}},"22":{"start":{"line":10,"column":13},"end":{"line":10,"column":35}}},"fnMap":{"0":{"name":"(anonymous_9)","decl":{"start":{"line":10,"column":35},"end":{"line":10,"column":38}},"loc":{"start":{"line":10,"column":40},"end":{"line":126,"column":1}}},"1":{"name":"(anonymous_10)","decl":{"start":{"line":15,"column":12},"end":{"line":15,"column":15}},"loc":{"start":{"line":15,"column":17},"end":{"line":20,"column":3}}},"2":{"name":"(anonymous_11)","decl":{"start":{"line":22,"column":42},"end":{"line":22,"column":47}},"loc":{"start":{"line":22,"column":72},"end":{"line":25,"column":3}}},"3":{"name":"(anonymous_12)","decl":{"start":{"line":92,"column":39},"end":{"line":92,"column":40}},"loc":{"start":{"line":92,"column":44},"end":{"line":92,"column":70}}},"4":{"name":"(anonymous_13)","decl":{"start":{"line":102,"column":39},"end":{"line":102,"column":40}},"loc":{"start":{"line":102,"column":44},"end":{"line":102,"column":68}}}},"branchMap":{},"s":{"0":0,"1":0,"2":0,"3":0,"4":0,"5":0,"6":0,"7":0,"8":0,"9":0,"10":0,"11":0,"12":0,"13":0,"14":0,"15":0,"16":0,"17":0,"18":0,"19":0,"20":0,"21":0,"22":0},"f":{"0":0,"1":0,"2":0,"3":0,"4":0},"b":{}}
,"/Users/nickschrock/git/codettea-web-foundations/packages/web/src/pages/Dashboard/index.ts": {"path":"/Users/nickschrock/git/codettea-web-foundations/packages/web/src/pages/Dashboard/index.ts","statementMap":{"0":{"start":{"line":1,"column":0},"end":{"line":1,"column":9}},"1":{"start":{"line":1,"column":9},"end":{"line":1,"column":40}}},"fnMap":{"0":{"name":"(anonymous_0)","decl":{"start":{"line":1,"column":9},"end":{"line":1,"column":18}},"loc":{"start":{"line":1,"column":9},"end":{"line":1,"column":40}}}},"branchMap":{},"s":{"0":0,"1":0},"f":{"0":0},"b":{}}
,"/Users/nickschrock/git/codettea-web-foundations/packages/web/src/pages/Features/Features.tsx": {"path":"/Users/nickschrock/git/codettea-web-foundations/packages/web/src/pages/Features/Features.tsx","statementMap":{"0":{"start":{"line":1,"column":0},"end":{"line":1,"column":51}},"1":{"start":{"line":2,"column":0},"end":{"line":2,"column":58}},"2":{"start":{"line":3,"column":0},"end":{"line":3,"column":55}},"3":{"start":{"line":4,"column":0},"end":{"line":4,"column":59}},"4":{"start":{"line":5,"column":0},"end":{"line":5,"column":68}},"5":{"start":{"line":6,"column":0},"end":{"line":6,"column":43}},"6":{"start":{"line":8,"column":34},"end":{"line":146,"column":1}},"7":{"start":{"line":9,"column":26},"end":{"line":9,"column":63}},"8":{"start":{"line":10,"column":19},"end":{"line":10,"column":32}},"9":{"start":{"line":11,"column":48},"end":{"line":11,"column":92}},"10":{"start":{"line":12,"column":48},"end":{"line":12,"column":63}},"11":{"start":{"line":13,"column":46},"end":{"line":13,"column":58}},"12":{"start":{"line":14,"column":60},"end":{"line":14,"column":72}},"13":{"start":{"line":15,"column":50},"end":{"line":15,"column":65}},"14":{"start":{"line":17,"column":63},"end":{"line":17,"column":76}},"15":{"start":{"line":18,"column":65},"end":{"line":18,"column":98}},"16":{"start":{"line":20,"column":2},"end":{"line":22,"column":9}},"17":{"start":{"line":21,"column":4},"end":{"line":21,"column":14}},"18":{"start":{"line":24,"column":2},"end":{"line":28,"column":20}},"19":{"start":{"line":25,"column":4},"end":{"line":27,"column":5}},"20":{"start":{"line":26,"column":6},"end":{"line":26,"column":38}},"21":{"start":{"line":30,"column":30},"end":{"line":33,"column":3}},"22":{"start":{"line":31,"column":4},"end":{"line":31,"column":29}},"23":{"start":{"line":32,"column":4},"end":{"line":32,"column":34}},"24":{"start":{"line":35,"column":30},"end":{"line":55,"column":3}},"25":{"start":{"line":36,"column":4},"end":{"line":39,"column":5}},"26":{"start":{"line":37,"column":6},"end":{"line":37,"column":56}},"27":{"start":{"line":38,"column":6},"end":{"line":38,"column":13}},"28":{"start":{"line":41,"column":4},"end":{"line":54,"column":5}},"29":{"start":{"line":42,"column":22},"end":{"line":46,"column":8}},"30":{"start":{"line":47,"column":6},"end":{"line":47,"column":32}},"31":{"start":{"line":48,"column":6},"end":{"line":48,"column":28}},"32":{"start":{"line":49,"column":6},"end":{"line":49,"column":35}},"33":{"start":{"line":50,"column":6},"end":{"line":50,"column":33}},"34":{"start":{"line":51,"column":6},"end":{"line":51,"column":40}},"35":{"start":{"line":53,"column":6},"end":{"line":53,"column":54}},"36":{"start":{"line":63,"column":2},"end":{"line":145,"column":4}},"37":{"start":{"line":78,"column":35},"end":{"line":78,"column":59}},"38":{"start":{"line":89,"column":37},"end":{"line":89,"column":71}},"39":{"start":{"line":109,"column":33},"end":{"line":109,"column":66}},"40":{"start":{"line":118,"column":33},"end":{"line":118,"column":73}},"41":{"start":{"line":128,"column":35},"end":{"line":128,"column":72}},"42":{"start":{"line":134,"column":37},"end":{"line":134,"column":62}},"43":{"start":{"line":8,"column":13},"end":{"line":8,"column":34}}},"fnMap":{"0":{"name":"(anonymous_10)","decl":{"start":{"line":8,"column":34},"end":{"line":8,"column":37}},"loc":{"start":{"line":8,"column":39},"end":{"line":146,"column":1}}},"1":{"name":"(anonymous_11)","decl":{"start":{"line":20,"column":12},"end":{"line":20,"column":15}},"loc":{"start":{"line":20,"column":17},"end":{"line":22,"column":3}}},"2":{"name":"(anonymous_12)","decl":{"start":{"line":24,"column":12},"end":{"line":24,"column":15}},"loc":{"start":{"line":24,"column":17},"end":{"line":28,"column":3}}},"3":{"name":"(anonymous_13)","decl":{"start":{"line":30,"column":30},"end":{"line":30,"column":31}},"loc":{"start":{"line":30,"column":47},"end":{"line":33,"column":3}}},"4":{"name":"(anonymous_14)","decl":{"start":{"line":35,"column":30},"end":{"line":35,"column":35}},"loc":{"start":{"line":35,"column":41},"end":{"line":55,"column":3}}},"5":{"name":"(anonymous_15)","decl":{"start":{"line":78,"column":29},"end":{"line":78,"column":32}},"loc":{"start":{"line":78,"column":35},"end":{"line":78,"column":59}}},"6":{"name":"(anonymous_16)","decl":{"start":{"line":89,"column":28},"end":{"line":89,"column":29}},"loc":{"start":{"line":89,"column":37},"end":{"line":89,"column":71}}},"7":{"name":"(anonymous_17)","decl":{"start":{"line":109,"column":26},"end":{"line":109,"column":27}},"loc":{"start":{"line":109,"column":33},"end":{"line":109,"column":66}}},"8":{"name":"(anonymous_18)","decl":{"start":{"line":118,"column":26},"end":{"line":118,"column":27}},"loc":{"start":{"line":118,"column":33},"end":{"line":118,"column":73}}},"9":{"name":"(anonymous_19)","decl":{"start":{"line":128,"column":28},"end":{"line":128,"column":29}},"loc":{"start":{"line":128,"column":35},"end":{"line":128,"column":72}}},"10":{"name":"(anonymous_20)","decl":{"start":{"line":134,"column":31},"end":{"line":134,"column":34}},"loc":{"start":{"line":134,"column":37},"end":{"line":134,"column":62}}}},"branchMap":{"0":{"loc":{"start":{"line":11,"column":72},"end":{"line":11,"column":91}},"type":"binary-expr","locations":[{"start":{"line":11,"column":72},"end":{"line":11,"column":83}},{"start":{"line":11,"column":87},"end":{"line":11,"column":91}}]},"1":{"loc":{"start":{"line":25,"column":4},"end":{"line":27,"column":5}},"type":"if","locations":[{"start":{"line":25,"column":4},"end":{"line":27,"column":5}}]},"2":{"loc":{"start":{"line":36,"column":4},"end":{"line":39,"column":5}},"type":"if","locations":[{"start":{"line":36,"column":4},"end":{"line":39,"column":5}}]},"3":{"loc":{"start":{"line":36,"column":8},"end":{"line":36,"column":49}},"type":"binary-expr","locations":[{"start":{"line":36,"column":8},"end":{"line":36,"column":23}},{"start":{"line":36,"column":27},"end":{"line":36,"column":49}}]},"4":{"loc":{"start":{"line":83,"column":11},"end":{"line":94,"column":null}},"type":"cond-expr","locations":[{"start":{"line":84,"column":12},"end":{"line":89,"column":null}},{"start":{"line":92,"column":12},"end":{"line":93,"column":null}}]},"5":{"loc":{"start":{"line":99,"column":7},"end":{"line":142,"column":null}},"type":"binary-expr","locations":[{"start":{"line":99,"column":7},"end":{"line":99,"column":22}},{"start":{"line":100,"column":8},"end":{"line":141,"column":null}}]}},"s":{"0":0,"1":0,"2":0,"3":0,"4":0,"5":0,"6":0,"7":0,"8":0,"9":0,"10":0,"11":0,"12":0,"13":0,"14":0,"15":0,"16":0,"17":0,"18":0,"19":0,"20":0,"21":0,"22":0,"23":0,"24":0,"25":0,"26":0,"27":0,"28":0,"29":0,"30":0,"31":0,"32":0,"33":0,"34":0,"35":0,"36":0,"37":0,"38":0,"39":0,"40":0,"41":0,"42":0,"43":0},"f":{"0":0,"1":0,"2":0,"3":0,"4":0,"5":0,"6":0,"7":0,"8":0,"9":0,"10":0},"b":{"0":[0,0],"1":[0],"2":[0],"3":[0,0],"4":[0,0],"5":[0,0]}}
,"/Users/nickschrock/git/codettea-web-foundations/packages/web/src/pages/Features/index.ts": {"path":"/Users/nickschrock/git/codettea-web-foundations/packages/web/src/pages/Features/index.ts","statementMap":{"0":{"start":{"line":1,"column":0},"end":{"line":1,"column":9}},"1":{"start":{"line":1,"column":9},"end":{"line":1,"column":38}}},"fnMap":{"0":{"name":"(anonymous_0)","decl":{"start":{"line":1,"column":9},"end":{"line":1,"column":17}},"loc":{"start":{"line":1,"column":9},"end":{"line":1,"column":38}}}},"branchMap":{},"s":{"0":0,"1":0},"f":{"0":0},"b":{}}
,"/Users/nickschrock/git/codettea-web-foundations/packages/web/src/pages/Projects/Projects.tsx": {"path":"/Users/nickschrock/git/codettea-web-foundations/packages/web/src/pages/Projects/Projects.tsx","statementMap":{"0":{"start":{"line":1,"column":0},"end":{"line":1,"column":41}},"1":{"start":{"line":2,"column":0},"end":{"line":2,"column":63}},"2":{"start":{"line":3,"column":0},"end":{"line":3,"column":50}},"3":{"start":{"line":4,"column":0},"end":{"line":4,"column":43}},"4":{"start":{"line":6,"column":34},"end":{"line":57,"column":1}},"5":{"start":{"line":7,"column":71},"end":{"line":7,"column":84}},"6":{"start":{"line":9,"column":2},"end":{"line":11,"column":9}},"7":{"start":{"line":10,"column":4},"end":{"line":10,"column":19}},"8":{"start":{"line":13,"column":30},"end":{"line":20,"column":3}},"9":{"start":{"line":14,"column":4},"end":{"line":19,"column":5}},"10":{"start":{"line":15,"column":6},"end":{"line":15,"column":42}},"11":{"start":{"line":16,"column":6},"end":{"line":16,"column":54}},"12":{"start":{"line":18,"column":6},"end":{"line":18,"column":58}},"13":{"start":{"line":22,"column":2},"end":{"line":56,"column":4}},"14":{"start":{"line":46,"column":73},"end":{"line":46,"column":81}},"15":{"start":{"line":49,"column":68},"end":{"line":49,"column":79}},"16":{"start":{"line":6,"column":13},"end":{"line":6,"column":34}}},"fnMap":{"0":{"name":"(anonymous_10)","decl":{"start":{"line":6,"column":34},"end":{"line":6,"column":37}},"loc":{"start":{"line":6,"column":39},"end":{"line":57,"column":1}}},"1":{"name":"(anonymous_11)","decl":{"start":{"line":9,"column":12},"end":{"line":9,"column":15}},"loc":{"start":{"line":9,"column":17},"end":{"line":11,"column":3}}},"2":{"name":"(anonymous_12)","decl":{"start":{"line":13,"column":30},"end":{"line":13,"column":35}},"loc":{"start":{"line":13,"column":60},"end":{"line":20,"column":3}}},"3":{"name":"(anonymous_13)","decl":{"start":{"line":46,"column":68},"end":{"line":46,"column":69}},"loc":{"start":{"line":46,"column":73},"end":{"line":46,"column":81}}},"4":{"name":"(anonymous_14)","decl":{"start":{"line":49,"column":63},"end":{"line":49,"column":64}},"loc":{"start":{"line":49,"column":68},"end":{"line":49,"column":79}}}},"branchMap":{"0":{"loc":{"start":{"line":38,"column":9},"end":{"line":52,"column":null}},"type":"binary-expr","locations":[{"start":{"line":38,"column":9},"end":{"line":38,"column":28}},{"start":{"line":39,"column":10},"end":{"line":51,"column":null}}]}},"s":{"0":0,"1":0,"2":0,"3":0,"4":0,"5":0,"6":0,"7":0,"8":0,"9":0,"10":0,"11":0,"12":0,"13":0,"14":0,"15":0,"16":0},"f":{"0":0,"1":0,"2":0,"3":0,"4":0},"b":{"0":[0,0]}}
,"/Users/nickschrock/git/codettea-web-foundations/packages/web/src/pages/Projects/index.ts": {"path":"/Users/nickschrock/git/codettea-web-foundations/packages/web/src/pages/Projects/index.ts","statementMap":{"0":{"start":{"line":1,"column":0},"end":{"line":1,"column":9}},"1":{"start":{"line":1,"column":9},"end":{"line":1,"column":38}}},"fnMap":{"0":{"name":"(anonymous_0)","decl":{"start":{"line":1,"column":9},"end":{"line":1,"column":17}},"loc":{"start":{"line":1,"column":9},"end":{"line":1,"column":38}}}},"branchMap":{},"s":{"0":0,"1":0},"f":{"0":0},"b":{}}
,"/Users/nickschrock/git/codettea-web-foundations/packages/web/src/pages/Settings/Settings.tsx": {"path":"/Users/nickschrock/git/codettea-web-foundations/packages/web/src/pages/Settings/Settings.tsx","statementMap":{"0":{"start":{"line":1,"column":0},"end":{"line":1,"column":51}},"1":{"start":{"line":2,"column":0},"end":{"line":2,"column":43}},"2":{"start":{"line":4,"column":0},"end":{"line":4,"column":43}},"3":{"start":{"line":6,"column":34},"end":{"line":168,"column":1}},"4":{"start":{"line":7,"column":30},"end":{"line":7,"column":59}},"5":{"start":{"line":8,"column":32},"end":{"line":8,"column":47}},"6":{"start":{"line":9,"column":28},"end":{"line":9,"column":57}},"7":{"start":{"line":10,"column":30},"end":{"line":10,"column":45}},"8":{"start":{"line":11,"column":42},"end":{"line":11,"column":71}},"9":{"start":{"line":13,"column":2},"end":{"line":15,"column":9}},"10":{"start":{"line":14,"column":4},"end":{"line":14,"column":17}},"11":{"start":{"line":17,"column":21},"end":{"line":32,"column":3}},"12":{"start":{"line":18,"column":4},"end":{"line":18,"column":21}},"13":{"start":{"line":19,"column":4},"end":{"line":19,"column":19}},"14":{"start":{"line":21,"column":4},"end":{"line":31,"column":5}},"15":{"start":{"line":22,"column":19},"end":{"line":22,"column":46}},"16":{"start":{"line":23,"column":6},"end":{"line":23,"column":22}},"17":{"start":{"line":24,"column":6},"end":{"line":24,"column":28}},"18":{"start":{"line":26,"column":27},"end":{"line":26,"column":94}},"19":{"start":{"line":27,"column":6},"end":{"line":27,"column":29}},"20":{"start":{"line":28,"column":6},"end":{"line":28,"column":50}},"21":{"start":{"line":30,"column":6},"end":{"line":30,"column":24}},"22":{"start":{"line":34,"column":21},"end":{"line":49,"column":3}},"23":{"start":{"line":35,"column":4},"end":{"line":35,"column":20}},"24":{"start":{"line":36,"column":4},"end":{"line":36,"column":19}},"25":{"start":{"line":38,"column":4},"end":{"line":48,"column":5}},"26":{"start":{"line":39,"column":28},"end":{"line":39,"column":70}},"27":{"start":{"line":40,"column":6},"end":{"line":40,"column":31}},"28":{"start":{"line":41,"column":6},"end":{"line":41,"column":48}},"29":{"start":{"line":43,"column":27},"end":{"line":43,"column":94}},"30":{"start":{"line":44,"column":6},"end":{"line":44,"column":29}},"31":{"start":{"line":45,"column":6},"end":{"line":45,"column":49}},"32":{"start":{"line":47,"column":6},"end":{"line":47,"column":23}},"33":{"start":{"line":51,"column":25},"end":{"line":66,"column":3}},"34":{"start":{"line":52,"column":4},"end":{"line":52,"column":19}},"35":{"start":{"line":54,"column":4},"end":{"line":65,"column":5}},"36":{"start":{"line":55,"column":21},"end":{"line":55,"column":53}},"37":{"start":{"line":56,"column":6},"end":{"line":60,"column":7}},"38":{"start":{"line":57,"column":8},"end":{"line":57,"column":40}},"39":{"start":{"line":59,"column":8},"end":{"line":59,"column":80}},"40":{"start":{"line":62,"column":27},"end":{"line":62,"column":98}},"41":{"start":{"line":63,"column":6},"end":{"line":63,"column":29}},"42":{"start":{"line":64,"column":6},"end":{"line":64,"column":53}},"43":{"start":{"line":68,"column":2},"end":{"line":74,"column":3}},"44":{"start":{"line":69,"column":4},"end":{"line":73,"column":6}},"45":{"start":{"line":76,"column":2},"end":{"line":82,"column":3}},"46":{"start":{"line":77,"column":4},"end":{"line":81,"column":6}},"47":{"start":{"line":84,"column":2},"end":{"line":167,"column":4}},"48":{"start":{"line":105,"column":29},"end":{"line":105,"column":95}},"49":{"start":{"line":115,"column":29},"end":{"line":115,"column":99}},"50":{"start":{"line":129,"column":29},"end":{"line":129,"column":111}},"51":{"start":{"line":140,"column":29},"end":{"line":140,"column":110}},"52":{"start":{"line":151,"column":12},"end":{"line":151,"column":30}},"53":{"start":{"line":6,"column":13},"end":{"line":6,"column":34}}},"fnMap":{"0":{"name":"(anonymous_10)","decl":{"start":{"line":6,"column":34},"end":{"line":6,"column":37}},"loc":{"start":{"line":6,"column":39},"end":{"line":168,"column":1}}},"1":{"name":"(anonymous_11)","decl":{"start":{"line":13,"column":12},"end":{"line":13,"column":15}},"loc":{"start":{"line":13,"column":17},"end":{"line":15,"column":3}}},"2":{"name":"(anonymous_12)","decl":{"start":{"line":17,"column":21},"end":{"line":17,"column":26}},"loc":{"start":{"line":17,"column":32},"end":{"line":32,"column":3}}},"3":{"name":"(anonymous_13)","decl":{"start":{"line":34,"column":21},"end":{"line":34,"column":26}},"loc":{"start":{"line":34,"column":32},"end":{"line":49,"column":3}}},"4":{"name":"(anonymous_14)","decl":{"start":{"line":51,"column":25},"end":{"line":51,"column":30}},"loc":{"start":{"line":51,"column":36},"end":{"line":66,"column":3}}},"5":{"name":"(anonymous_15)","decl":{"start":{"line":105,"column":22},"end":{"line":105,"column":23}},"loc":{"start":{"line":105,"column":29},"end":{"line":105,"column":95}}},"6":{"name":"(anonymous_16)","decl":{"start":{"line":115,"column":22},"end":{"line":115,"column":23}},"loc":{"start":{"line":115,"column":29},"end":{"line":115,"column":99}}},"7":{"name":"(anonymous_17)","decl":{"start":{"line":129,"column":22},"end":{"line":129,"column":23}},"loc":{"start":{"line":129,"column":29},"end":{"line":129,"column":111}}},"8":{"name":"(anonymous_18)","decl":{"start":{"line":140,"column":22},"end":{"line":140,"column":23}},"loc":{"start":{"line":140,"column":29},"end":{"line":140,"column":110}}},"9":{"name":"(anonymous_19)","decl":{"start":{"line":150,"column":46},"end":{"line":150,"column":47}},"loc":{"start":{"line":151,"column":12},"end":{"line":151,"column":30}}}},"branchMap":{"0":{"loc":{"start":{"line":26,"column":27},"end":{"line":26,"column":94}},"type":"cond-expr","locations":[{"start":{"line":26,"column":50},"end":{"line":26,"column":61}},{"start":{"line":26,"column":64},"end":{"line":26,"column":94}}]},"1":{"loc":{"start":{"line":43,"column":27},"end":{"line":43,"column":94}},"type":"cond-expr","locations":[{"start":{"line":43,"column":50},"end":{"line":43,"column":61}},{"start":{"line":43,"column":64},"end":{"line":43,"column":94}}]},"2":{"loc":{"start":{"line":56,"column":6},"end":{"line":60,"column":7}},"type":"if","locations":[{"start":{"line":56,"column":6},"end":{"line":60,"column":7}},{"start":{"line":58,"column":13},"end":{"line":60,"column":7}}]},"3":{"loc":{"start":{"line":62,"column":27},"end":{"line":62,"column":98}},"type":"cond-expr","locations":[{"start":{"line":62,"column":50},"end":{"line":62,"column":61}},{"start":{"line":62,"column":64},"end":{"line":62,"column":98}}]},"4":{"loc":{"start":{"line":68,"column":2},"end":{"line":74,"column":3}},"type":"if","locations":[{"start":{"line":68,"column":2},"end":{"line":74,"column":3}}]},"5":{"loc":{"start":{"line":76,"column":2},"end":{"line":82,"column":3}},"type":"if","locations":[{"start":{"line":76,"column":2},"end":{"line":82,"column":3}}]},"6":{"loc":{"start":{"line":91,"column":7},"end":{"line":94,"column":null}},"type":"binary-expr","locations":[{"start":{"line":91,"column":7},"end":{"line":91,"column":12}},{"start":{"line":92,"column":8},"end":{"line":93,"column":null}}]},"7":{"loc":{"start":{"line":104,"column":19},"end":{"line":104,"column":50}},"type":"binary-expr","locations":[{"start":{"line":104,"column":19},"end":{"line":104,"column":44}},{"start":{"line":104,"column":48},"end":{"line":104,"column":50}}]},"8":{"loc":{"start":{"line":114,"column":19},"end":{"line":114,"column":54}},"type":"binary-expr","locations":[{"start":{"line":114,"column":19},"end":{"line":114,"column":48}},{"start":{"line":114,"column":52},"end":{"line":114,"column":54}}]},"9":{"loc":{"start":{"line":128,"column":19},"end":{"line":128,"column":55}},"type":"binary-expr","locations":[{"start":{"line":128,"column":19},"end":{"line":128,"column":50}},{"start":{"line":128,"column":54},"end":{"line":128,"column":55}}]},"10":{"loc":{"start":{"line":139,"column":19},"end":{"line":139,"column":54}},"type":"binary-expr","locations":[{"start":{"line":139,"column":19},"end":{"line":139,"column":49}},{"start":{"line":139,"column":53},"end":{"line":139,"column":54}}]},"11":{"loc":{"start":{"line":163,"column":11},"end":{"line":163,"column":48}},"type":"cond-expr","locations":[{"start":{"line":163,"column":20},"end":{"line":163,"column":31}},{"start":{"line":163,"column":34},"end":{"line":163,"column":48}}]}},"s":{"0":0,"1":0,"2":0,"3":0,"4":0,"5":0,"6":0,"7":0,"8":0,"9":0,"10":0,"11":0,"12":0,"13":0,"14":0,"15":0,"16":0,"17":0,"18":0,"19":0,"20":0,"21":0,"22":0,"23":0,"24":0,"25":0,"26":0,"27":0,"28":0,"29":0,"30":0,"31":0,"32":0,"33":0,"34":0,"35":0,"36":0,"37":0,"38":0,"39":0,"40":0,"41":0,"42":0,"43":0,"44":0,"45":0,"46":0,"47":0,"48":0,"49":0,"50":0,"51":0,"52":0,"53":0},"f":{"0":0,"1":0,"2":0,"3":0,"4":0,"5":0,"6":0,"7":0,"8":0,"9":0},"b":{"0":[0,0],"1":[0,0],"2":[0,0],"3":[0,0],"4":[0],"5":[0],"6":[0,0],"7":[0,0],"8":[0,0],"9":[0,0],"10":[0,0],"11":[0,0]}}
,"/Users/nickschrock/git/codettea-web-foundations/packages/web/src/pages/Settings/index.ts": {"path":"/Users/nickschrock/git/codettea-web-foundations/packages/web/src/pages/Settings/index.ts","statementMap":{"0":{"start":{"line":1,"column":0},"end":{"line":1,"column":9}},"1":{"start":{"line":1,"column":9},"end":{"line":1,"column":38}}},"fnMap":{"0":{"name":"(anonymous_0)","decl":{"start":{"line":1,"column":9},"end":{"line":1,"column":17}},"loc":{"start":{"line":1,"column":9},"end":{"line":1,"column":38}}}},"branchMap":{},"s":{"0":0,"1":0},"f":{"0":0},"b":{}}
,"/Users/nickschrock/git/codettea-web-foundations/packages/web/src/services/api.ts": {"path":"/Users/nickschrock/git/codettea-web-foundations/packages/web/src/services/api.ts","statementMap":{"0":{"start":{"line":1,"column":0},"end":{"line":1,"column":77}},"1":{"start":{"line":16,"column":10},"end":{"line":16,"column":null}},"2":{"start":{"line":17,"column":10},"end":{"line":17,"column":null}},"3":{"start":{"line":18,"column":10},"end":{"line":18,"column":null}},"4":{"start":{"line":21,"column":4},"end":{"line":27,"column":7}},"5":{"start":{"line":30,"column":4},"end":{"line":38,"column":6}},"6":{"start":{"line":33,"column":8},"end":{"line":33,"column":22}},"7":{"start":{"line":36,"column":8},"end":{"line":36,"column":37}},"8":{"start":{"line":41,"column":4},"end":{"line":62,"column":6}},"9":{"start":{"line":42,"column":20},"end":{"line":42,"column":28}},"10":{"start":{"line":44,"column":23},"end":{"line":44,"column":79}},"11":{"start":{"line":46,"column":8},"end":{"line":48,"column":9}},"12":{"start":{"line":47,"column":10},"end":{"line":47,"column":57}},"13":{"start":{"line":50,"column":8},"end":{"line":50,"column":43}},"14":{"start":{"line":52,"column":8},"end":{"line":54,"column":9}},"15":{"start":{"line":53,"column":10},"end":{"line":53,"column":57}},"16":{"start":{"line":56,"column":8},"end":{"line":56,"column":27}},"17":{"start":{"line":58,"column":8},"end":{"line":58,"column":58}},"18":{"start":{"line":60,"column":8},"end":{"line":60,"column":35}},"19":{"start":{"line":67,"column":4},"end":{"line":71,"column":6}},"20":{"start":{"line":75,"column":4},"end":{"line":75,"column":61}},"21":{"start":{"line":75,"column":36},"end":{"line":75,"column":59}},"22":{"start":{"line":79,"column":4},"end":{"line":86,"column":5}},"23":{"start":{"line":80,"column":19},"end":{"line":80,"column":45}},"24":{"start":{"line":81,"column":6},"end":{"line":85,"column":8}},"25":{"start":{"line":88,"column":4},"end":{"line":91,"column":6}},"26":{"start":{"line":96,"column":21},"end":{"line":96,"column":67}},"27":{"start":{"line":97,"column":4},"end":{"line":97,"column":25}},"28":{"start":{"line":102,"column":21},"end":{"line":102,"column":74}},"29":{"start":{"line":103,"column":4},"end":{"line":103,"column":25}},"30":{"start":{"line":107,"column":21},"end":{"line":108,"column":null}},"31":{"start":{"line":110,"column":4},"end":{"line":110,"column":25}},"32":{"start":{"line":115,"column":21},"end":{"line":115,"column":66}},"33":{"start":{"line":116,"column":4},"end":{"line":116,"column":25}},"34":{"start":{"line":120,"column":21},"end":{"line":120,"column":72}},"35":{"start":{"line":121,"column":4},"end":{"line":121,"column":25}},"36":{"start":{"line":125,"column":21},"end":{"line":125,"column":71}},"37":{"start":{"line":126,"column":4},"end":{"line":126,"column":25}},"38":{"start":{"line":130,"column":21},"end":{"line":130,"column":80}},"39":{"start":{"line":131,"column":4},"end":{"line":131,"column":25}},"40":{"start":{"line":135,"column":4},"end":{"line":135,"column":50}},"41":{"start":{"line":139,"column":21},"end":{"line":139,"column":79}},"42":{"start":{"line":140,"column":4},"end":{"line":140,"column":25}},"43":{"start":{"line":144,"column":21},"end":{"line":146,"column":null}},"44":{"start":{"line":148,"column":4},"end":{"line":148,"column":25}},"45":{"start":{"line":153,"column":21},"end":{"line":153,"column":66}},"46":{"start":{"line":154,"column":4},"end":{"line":154,"column":25}},"47":{"start":{"line":158,"column":21},"end":{"line":158,"column":72}},"48":{"start":{"line":159,"column":4},"end":{"line":159,"column":25}},"49":{"start":{"line":163,"column":21},"end":{"line":163,"column":82}},"50":{"start":{"line":164,"column":4},"end":{"line":164,"column":25}},"51":{"start":{"line":169,"column":21},"end":{"line":169,"column":61}},"52":{"start":{"line":170,"column":4},"end":{"line":170,"column":25}},"53":{"start":{"line":174,"column":21},"end":{"line":174,"column":71}},"54":{"start":{"line":175,"column":4},"end":{"line":175,"column":25}},"55":{"start":{"line":179,"column":21},"end":{"line":180,"column":null}},"56":{"start":{"line":182,"column":4},"end":{"line":182,"column":25}},"57":{"start":{"line":187,"column":13},"end":{"line":187,"column":41}}},"fnMap":{"0":{"name":"(anonymous_1)","decl":{"start":{"line":20,"column":2},"end":{"line":20,"column":null}},"loc":{"start":{"line":20,"column":2},"end":{"line":63,"column":3}}},"1":{"name":"(anonymous_2)","decl":{"start":{"line":31,"column":6},"end":{"line":31,"column":7}},"loc":{"start":{"line":31,"column":17},"end":{"line":34,"column":7}}},"2":{"name":"(anonymous_3)","decl":{"start":{"line":35,"column":6},"end":{"line":35,"column":7}},"loc":{"start":{"line":35,"column":16},"end":{"line":37,"column":7}}},"3":{"name":"(anonymous_4)","decl":{"start":{"line":42,"column":6},"end":{"line":42,"column":7}},"loc":{"start":{"line":42,"column":20},"end":{"line":42,"column":28}}},"4":{"name":"(anonymous_5)","decl":{"start":{"line":43,"column":6},"end":{"line":43,"column":11}},"loc":{"start":{"line":43,"column":34},"end":{"line":61,"column":7}}},"5":{"name":"(anonymous_6)","decl":{"start":{"line":65,"column":10},"end":{"line":65,"column":21}},"loc":{"start":{"line":65,"column":39},"end":{"line":72,"column":3}}},"6":{"name":"(anonymous_7)","decl":{"start":{"line":74,"column":10},"end":{"line":74,"column":15}},"loc":{"start":{"line":74,"column":26},"end":{"line":76,"column":3}}},"7":{"name":"(anonymous_8)","decl":{"start":{"line":75,"column":23},"end":{"line":75,"column":24}},"loc":{"start":{"line":75,"column":36},"end":{"line":75,"column":59}}},"8":{"name":"(anonymous_9)","decl":{"start":{"line":78,"column":10},"end":{"line":78,"column":21}},"loc":{"start":{"line":78,"column":39},"end":{"line":92,"column":3}}},"9":{"name":"(anonymous_10)","decl":{"start":{"line":95,"column":2},"end":{"line":95,"column":7}},"loc":{"start":{"line":95,"column":17},"end":{"line":98,"column":3}}},"10":{"name":"(anonymous_11)","decl":{"start":{"line":101,"column":2},"end":{"line":101,"column":7}},"loc":{"start":{"line":101,"column":23},"end":{"line":104,"column":3}}},"11":{"name":"(anonymous_12)","decl":{"start":{"line":106,"column":2},"end":{"line":106,"column":7}},"loc":{"start":{"line":106,"column":28},"end":{"line":111,"column":3}}},"12":{"name":"(anonymous_13)","decl":{"start":{"line":114,"column":2},"end":{"line":114,"column":7}},"loc":{"start":{"line":114,"column":19},"end":{"line":117,"column":3}}},"13":{"name":"(anonymous_14)","decl":{"start":{"line":119,"column":2},"end":{"line":119,"column":7}},"loc":{"start":{"line":119,"column":31},"end":{"line":122,"column":3}}},"14":{"name":"(anonymous_15)","decl":{"start":{"line":124,"column":2},"end":{"line":124,"column":7}},"loc":{"start":{"line":124,"column":48},"end":{"line":127,"column":3}}},"15":{"name":"(anonymous_16)","decl":{"start":{"line":129,"column":2},"end":{"line":129,"column":7}},"loc":{"start":{"line":129,"column":62},"end":{"line":132,"column":3}}},"16":{"name":"(anonymous_17)","decl":{"start":{"line":134,"column":2},"end":{"line":134,"column":7}},"loc":{"start":{"line":134,"column":34},"end":{"line":136,"column":3}}},"17":{"name":"(anonymous_18)","decl":{"start":{"line":138,"column":2},"end":{"line":138,"column":7}},"loc":{"start":{"line":138,"column":37},"end":{"line":141,"column":3}}},"18":{"name":"(anonymous_19)","decl":{"start":{"line":143,"column":2},"end":{"line":143,"column":7}},"loc":{"start":{"line":143,"column":50},"end":{"line":149,"column":3}}},"19":{"name":"(anonymous_20)","decl":{"start":{"line":152,"column":2},"end":{"line":152,"column":7}},"loc":{"start":{"line":152,"column":19},"end":{"line":155,"column":3}}},"20":{"name":"(anonymous_21)","decl":{"start":{"line":157,"column":2},"end":{"line":157,"column":7}},"loc":{"start":{"line":157,"column":20},"end":{"line":160,"column":3}}},"21":{"name":"(anonymous_22)","decl":{"start":{"line":162,"column":2},"end":{"line":162,"column":7}},"loc":{"start":{"line":162,"column":37},"end":{"line":165,"column":3}}},"22":{"name":"(anonymous_23)","decl":{"start":{"line":168,"column":2},"end":{"line":168,"column":7}},"loc":{"start":{"line":168,"column":17},"end":{"line":171,"column":3}}},"23":{"name":"(anonymous_24)","decl":{"start":{"line":173,"column":2},"end":{"line":173,"column":7}},"loc":{"start":{"line":173,"column":44},"end":{"line":176,"column":3}}},"24":{"name":"(anonymous_25)","decl":{"start":{"line":178,"column":2},"end":{"line":178,"column":7}},"loc":{"start":{"line":178,"column":22},"end":{"line":183,"column":3}}}},"branchMap":{"0":{"loc":{"start":{"line":46,"column":8},"end":{"line":48,"column":9}},"type":"if","locations":[{"start":{"line":46,"column":8},"end":{"line":48,"column":9}}]},"1":{"loc":{"start":{"line":46,"column":12},"end":{"line":46,"column":47}},"type":"binary-expr","locations":[{"start":{"line":46,"column":12},"end":{"line":46,"column":19}},{"start":{"line":46,"column":23},"end":{"line":46,"column":47}}]},"2":{"loc":{"start":{"line":50,"column":24},"end":{"line":50,"column":42}},"type":"binary-expr","locations":[{"start":{"line":50,"column":24},"end":{"line":50,"column":37}},{"start":{"line":50,"column":41},"end":{"line":50,"column":42}}]},"3":{"loc":{"start":{"line":52,"column":8},"end":{"line":54,"column":9}},"type":"if","locations":[{"start":{"line":52,"column":8},"end":{"line":54,"column":9}}]},"4":{"loc":{"start":{"line":68,"column":6},"end":{"line":70,"column":35}},"type":"binary-expr","locations":[{"start":{"line":68,"column":6},"end":{"line":68,"column":21}},{"start":{"line":69,"column":7},"end":{"line":69,"column":35}},{"start":{"line":69,"column":39},"end":{"line":69,"column":66}},{"start":{"line":70,"column":6},"end":{"line":70,"column":35}}]},"5":{"loc":{"start":{"line":79,"column":4},"end":{"line":86,"column":5}},"type":"if","locations":[{"start":{"line":79,"column":4},"end":{"line":86,"column":5}}]},"6":{"loc":{"start":{"line":82,"column":17},"end":{"line":82,"column":46}},"type":"binary-expr","locations":[{"start":{"line":82,"column":17},"end":{"line":82,"column":29}},{"start":{"line":82,"column":33},"end":{"line":82,"column":46}}]},"7":{"loc":{"start":{"line":83,"column":14},"end":{"line":83,"column":37}},"type":"binary-expr","locations":[{"start":{"line":83,"column":14},"end":{"line":83,"column":23}},{"start":{"line":83,"column":27},"end":{"line":83,"column":37}}]},"8":{"loc":{"start":{"line":89,"column":15},"end":{"line":89,"column":62}},"type":"binary-expr","locations":[{"start":{"line":89,"column":15},"end":{"line":89,"column":28}},{"start":{"line":89,"column":32},"end":{"line":89,"column":62}}]}},"s":{"0":1,"1":1,"2":1,"3":1,"4":1,"5":1,"6":0,"7":0,"8":1,"9":0,"10":0,"11":0,"12":0,"13":0,"14":0,"15":0,"16":0,"17":0,"18":0,"19":0,"20":0,"21":0,"22":0,"23":0,"24":0,"25":0,"26":1,"27":1,"28":1,"29":1,"30":0,"31":0,"32":0,"33":0,"34":0,"35":0,"36":1,"37":1,"38":1,"39":1,"40":1,"41":0,"42":0,"43":0,"44":0,"45":1,"46":1,"47":0,"48":0,"49":0,"50":0,"51":0,"52":0,"53":0,"54":0,"55":0,"56":0,"57":1},"f":{"0":1,"1":0,"2":0,"3":0,"4":0,"5":0,"6":0,"7":0,"8":0,"9":1,"10":1,"11":0,"12":0,"13":0,"14":1,"15":1,"16":1,"17":0,"18":0,"19":1,"20":0,"21":0,"22":0,"23":0,"24":0},"b":{"0":[0],"1":[0,0],"2":[0,0],"3":[0],"4":[0,0,0,0],"5":[0],"6":[0,0],"7":[0,0],"8":[0,0]}}
}
