> npm run build


> @codettea/web@1.0.0 build
> tsc && vite build

src/pages/Dashboard/Dashboard.tsx(3,19): error TS2307: Cannot find module '@mui/material/Grid2' or its corresponding type declarations.
npm error Lifecycle script `build` failed with error:
npm error code 2
npm error path /Users/nickschrock/git/codettea-web-foundations/packages/web
npm error workspace @codettea/web@1.0.0
npm error location /Users/nickschrock/git/codettea-web-foundations/packages/web
npm error command failed
npm error command sh -c tsc && vite build
> npm run build


> @codettea/web@1.0.0 build
> tsc && vite build

src/pages/Dashboard/Dashboard.tsx(3,19): error TS2307: Cannot find module '@mui/material/Grid2' or its corresponding type declarations.
npm error Lifecycle script `build` failed with error:
npm error code 2
npm error path /Users/nickschrock/git/codettea-web-foundations/packages/web
npm error workspace @codettea/web@1.0.0
npm error location /Users/nickschrock/git/codettea-web-foundations/packages/web
npm error command failed
npm error command sh -c tsc && vite build
Warning: command "npm run build" exited with non-zero status code